3 87 241 199
2 21 98
2 166 205
2 277 35
3 275 28 255
3 108 29 20
3 0 214 238
2 188 181
2 224 112
2 39 219
3 116 172 31
3 41 284 250
3 216 128 266
3 249 121 51
3 85 217 264
3 167 32 223
3 110 185 115
3 8 222 78
3 164 244 292
3 168 230 196
3 296 53 265
3 88 202 55
3 34 174 242
3 246 64 182
3 54 40 106
3 103 14 289
3 159 122 155
3 99 102 12
3 7 82 192
3 75 50 145
3 184 204 152
3 299 254 67
3 13 3 280
3 80 157 104
3 218 163 66
3 72 239 59
3 180 146 141
3 4 68 176
3 286 295 142
3 58 253 17
3 148 158 71
3 259 27 100
3 212 271 228
3 62 268 43
3 134 111 252
3 193 191 215
3 210 26 154
3 220 209 297
3 24 207 30
3 15 117 120
3 276 86 288
3 127 298 251
3 290 197 231
3 161 236 126
3 203 11 206
3 162 258 262
3 136 61 47
3 260 177 279
3 95 160 186
3 294 243 256
3 107 269 229
3 38 76 270
3 92 89 97
3 285 283 46
3 137 109 233
3 18 6 194
3 74 23 37
3 273 114 240
3 144 195 143
3 133 170 272
3 150 140 69
3 225 22 1
3 105 147 123
3 187 48 135
3 263 42 189
3 227 237 94
3 63 90 178
3 44 93 208
3 19 235 84
3 57 119 278
3 56 73 293
3 261 25 153
3 213 287 9
3 60 131 52
3 200 70 173
3 171 190 49
3 125 10 77
3 156 83 211
3 129 81 247
3 198 201 169
3 245 118 257
3 113 5 149
3 267 101 151
3 282 291 274
3 79 138 132
3 232 139 175
3 226 16 183
3 96 45 130
3 91 124 165
3 281 248 2
