6 1066 7709 3459 409 9654 4887
7 3239 5875 6307 3866 8133 5627 7110
6 2247 3138 9874 4020 330 5982
8 4495 4537 4794 8803 8042 5601 9678 1880
4 2912 2641 4836 2591
8 474 6740 7255 6503 633 2652 6344 1855
10 741 9996 3068 9382 5234 1910 1487 4384 8018 4796
14 5335 7293 9556 7580 1500 2663 127 2362 74 4714 4866 5878 2141 1339
11 8329 8736 5369 3199 8768 7479 4256 6333 5317 1519 2430
11 4078 3640 8786 5711 3232 876 5770 1504 3216 1590 9868
12 8728 6735 5626 9819 1587 3290 3531 8956 7614 959 4942 4469
16 1664 2079 9282 3200 5511 1693 6251 6476 7764 3278 7610 2340 5778 5068 5522 3827
15 84 4781 8370 9705 8772 6119 7548 9381 8485 7415 4628 1756 2850 260 7025
16 29 4428 2198 2497 8085 2997 7916 3062 353 6161 6134 1876 8906 3630 4289 7760
7 4839 477 7346 6904 5556 6298 5513
21 7475 5615 493 4250 6438 9610 9276 8378 1098 5619 8103 9300 6722 3999 9142 9988 4190 5558 8360 7982 5059
15 1888 5358 7648 4064 7323 7442 5291 6967 2355 7629 7361 9106 9143 3753 8563
13 8189 8277 6473 3036 992 921 4441 1338 2630 5314 6617 3567 8596
19 1209 567 3910 9613 9127 2394 7445 5915 3974 6898 9333 6116 173 4076 5483 8920 2988 5333 7482
20 9216 1372 9274 4826 32 3057 6026 2434 1453 2543 8500 9438 8799 2319 1624 7094 5793 3359 1262 6960
15 3655 5698 5205 4405 8785 5861 691 6596 9508 4851 6042 5479 6124 2475 1998
13 2324 5112 212 4115 3370 6244 3746 8798 484 2935 5364 1371 8824
7 719 313 494 2556 194 5470 1000
20 9619 2738 1697 8554 8989 5263 2482 3194 3227 9612 8760 9934 5042 7440 8304 6530 7875 6483 3700 7522
9 1867 3005 1002 6460 285 5391 3844 4252 2951
15 8395 3430 318 8110 2857 5764 4561 9421 4582 1034 4004 9883 7747 3804 7432
17 8086 874 4207 7174 3493 1553 6121 6178 1448 6880 9943 6131 2336 1375 9415 8409 4604
19 6913 4223 482 1580 4297 7232 9138 1476 987 9000 8450 3293 1277 4663 1782 6174 4166 4900 5067
15 2327 2422 7867 9071 2852 2675 8266 7167 5372 2694 7046 7735 5349 8221 8730
6 2576 3579 4467 9436 3323 492
15 2774 7314 4088 6966 1422 2867 1639 2248 9758 183 2214 2331 2427 7786 6018
24 3555 5387 4170 168 7567 6764 2180 5344 1725 2315 5062 6444 4912 4970 2996 6332 198 2097 8003 7566 6040 6774 6688 8994
27 768 5856 8040 4703 2934 3807 8367 2930 1441 6956 1937 2164 7045 1584 1774 3772 6800 5032 2431 8969 1853 6289 309 1124 7939 426 835
20 6269 166 5996 5699 3915 8155 8259 9742 8243 4699 3133 7274 6864 6120 4685 9136 7018 9194 738 7581
24 2735 6139 6168 9805 4686 3906 6023 8412 8272 2107 4072 5133 7757 5625 8387 7160 1432 1520 1404 5740 1367 2354 3715 437
19 7965 2589 8902 2036 982 4913 8998 4068 1071 2765 9548 2381 2483 5752 3766 8836 8391 7283 7600
26 3253 1773 1030 4502 5212 596 3701 1733 5866 1886 9195 8909 2184 1259 2332 5464 1692 3449 8258 3452 6810 9531 5412 9404 7819 766
24 2720 1407 3865 1054 135 6000 2140 1324 9394 2220 5610 10 5767 256 9643 385 3756 6763 8427 7976 7294 6791 8349 4818
17 769 9649 9316 9485 6392 9538 1676 9238 8017 4235 5052 2955 8286 4341 9582 593 4483
29 4059 2603 4184 9640 9524 8615 7282 9963 7103 5933 6391 3925 6234 3009 4562 8689 9111 6117 6429 2437 2953 5145 6508 5927 1675 4908 7158 5111 2669
17 9563 5237 9559 7085 7662 2984 9478 3211 2722 1396 9239 3360 2018 6887 5644 5162 89
8 9550 3325 4366 1046 8895 928 1749 3560
18 8698 842 150 6029 7172 8059 832 8191 3949 397 4907 9229 3625 4168 2068 6027 3545 7433
25 6541 6110 1995 8816 6141 8298 7933 3793 5702 1429 2565 6839 3463 7220 3416 9384 4369 9218 7622 8805 4306 9491 7973 2727 4325
28 9003 6656 2928 8351 3083 5240 1430 7746 4819 5550 6681 67 2854 6020 2462 8170 1174 9745 4859 1607 7485 3184 7348 1619 8607 9168 797 5404
17 1560 7287 2957 1200 6567 559 2797 8585 1787 9998 9358 242 4963 8357 2257 8633 9520
14 1993 8021 4349 511 7492 5690 3532 1943 9268 2179 6591 6482 6978 8119
18 5717 7846 1221 6645 8529 5457 2680 7754 4221 5651 4464 6612 9653 2772 1036 2553 7157 1190
28 1735 3951 5189 601 2235 6969 2745 5847 516 8148 5208 4073 9583 877 5421 3353 500 752 3158 8393 162 2136 8790 4310 5936 9317 3080 5840
12 8520 9768 8198 989 5477 2041 9419 3760 5284 5634 3741 9999
25 5018 7140 7585 9575 9135 4605 5087 4857 4114 5801 1914 5019 6324 2471 2826 5805 1028 4766 4392 8385 6992 4731 2456 8327 2509
34 5860 1447 9691 5535 2399 9144 266 2352 1884 4880 5170 8486 2842 7120 7822 9778 3574 4997 5520 7960 7923 2387 1732 6109 8983 3814 3486 3995 6447 5239 7484 8966 7201 8308
25 3090 3697 2642 7934 572 7342 6331 6727 1271 9800 5692 5587 6540 2186 9598 6787 2027 3063 5924 2888 8180 5544 1522 9940 1009
35 2020 8425 1588 6413 6356 4544 5642 4171 1152 8597 64 4356 9070 5356 4206 7949 8746 2513 9694 4060 9894 2913 8250 3736 1885 9688 101 2028 9877 7084 6065 5867 2223 5438 5865
13 9207 9985 9702 422 2732 5962 7316 3845 9607 5734 7528 6720 4557
33 268 6329 9685 5771 1994 6842 4137 7092 4017 9981 2291 1458 847 6793 3154 2358 5360 9442 420 9594 6646 4827 4715 7571 9340 5781 2094 5037 8714 3684 3652 8461 4042
35 9291 328 1970 2261 3420 7922 8030 5701 9440 6156 6218 3285 501 2526 9671 4459 278 3961 2256 8779 591 2903 6785 6232 6827 9973 171 6436 5418 8567 3094 495 8087 9753 4662
29 7640 8376 9543 7874 7884 161 6698 1110 5465 4087 4055 8400 9026 3221 2389 9969 4389 337 7029 8354 5546 4814 9115 3677 9646 6676 2408 7953 6278
28 1992 7230 5425 656 1845 9242 2753 1521 7794 8193 7627 1075 2478 34 8050 4708 1405 2500 8769 4434 2719 8100 5242 3526 6576 7814 1552 1304
20 5222 4255 4705 3542 6133 1942 7931 4690 4499 2945 7510 8247 7703 9672 5469 7744 5839 9061 9827 5232
29 9976 5727 6068 5025 3544 8681 2787 1281 8973 5160 3946 2893 2051 7781 8725 1818 3283 963 2894 5157 9386 2619 8364 7305 7165 6968 7617 7011 7093
35 5424 1406 7248 1 6652 4541 709 1985 8407 5709 9592 4701 9706 6712 6375 5309 2017 9318 7222 4526 5149 4889 4565 7728 3706 123 2789 6732 958 2022 6696 7089 4180 471 8866
27 117 7889 3188 2518 9064 3215 4274 7234 7392 9321 8576 9930 7397 1786 3361 3209 2517 8255 9808 5869 7696 6057 1696 9793 9977 302 3749
15 2941 6558 3510 1206 4965 1561 7599 6855 8162 2012 4022 4998 6701 6911 8156
9 5497 8029 3368 5712 3615 8306 2502 4298 1115
33 88 3410 3572 1843 7698 7253 7041 826 821 2558 1330 808 9574 8004 2756 77 1597 2567 2820 731 373 478 5110 5276 3010 4579 5671 4287 3447 913 6872 7257 1052
25 6466 4877 2511 1640 3840 7663 3205 6582 4314 6036 639 4198 9929 1457 4165 5066 3996 1754 1354 9220 6011 2073 59 7467 4023
18 585 2748 1955 5347 376 8176 2661 3434 286 3584 6963 3498 2309 3902 4682 5969 3791 8414
31 8840 2838 5089 4153 830 9182 3117 369 2612 202 5527 592 1320 2552 2555 8738 6443 3998 9445 7054 1161 8183 7717 2294 9432 8507 3456 9953 5125 8163 3021
12 5716 864 3717 3445 5830 553 4147 2645 5976 3824 1087 2070
30 6831 7320 4848 4225 119 5351 2799 2927 4595 7808 2290 1104 1392 5794 9867 4626 5420 3142 5078 2792 6539 7652 4676 5928 2615 6621 6524 136 5065 479
33 3103 8459 8328 3411 3921 5779 4318 8273 292 5838 8984 3798 2025 7987 2241 5041 736 2348 50 2443 339 2494 7106 8592 8944 8142 6209 131 8082 6881 8927 4160 7111
29 2432 1512 7792 8434 267 4139 5088 1160 8413 893 8926 5005 916 7944 1824 1187 344 3467 5832 5842 5056 4216 6535 2255 6779 8724 2165 7044 3631
27 3693 8323 8588 9743 8368 4585 5766 9475 1182 8220 9054 5564 1612 7755 2417 8312 5810 9092 7500 8852 1712 2258 8230 301 4844 2650 5173
28 4435 1651 6202 5756 922 1762 4400 9151 4924 8502 5306 5872 2990 5849 9801 6588 9050 4436 8625 2795 1085 9277 2604 2786 274 8166 8057 3097
19 3442 7993 3461 6836 7236 3193 9843 467 3935 1690 3634 287 2002 6501 4199 8260 3180 8137 7393
31 3156 7020 5636 5957 8093 1667 8504 1331 7456 7984 193 6885 6179 4086 2599 9479 7560 1932 3920 334 7168 243 2182 4061 7345 5707 6005 1011 5398 557 6770
32 7070 9402 8224 8856 4587 7386 9177 4278 4498 3505 7231 93 3610 5243 4188 534 3483 3352 941 9053 3649 227 7544 7639 4513 2701 9854 1544 4067 4079 5944 7881
11 8564 1778 5250 946 2144 798 2749 1303 8202 8606 5524
30 4008 1332 3891 435 4658 4643 6896 7633 3657 6751 6235 9378 8470 7021 7265 6286 7486 8844 5203 6092 1205 5129 4132 3613 8222 8964 3965 5790 3797 3897
30 55 2536 6164 6360 9769 4938 3119 9846 120 7562 7048 6641 3992 8749 1918 305 2871 9825 9453 7033 9606 650 4780 8943 8279 2152 5274 1173 4683 2038
25 5304 2123 5887 7710 7208 2473 6188 5064 4406 9103 9460 8931 4097 6938 4719 3764 8172 9206 4967 8454 2277 9214 5666 2271 8543
10 7318 945 368 7194 449 453 2093 5383 3552 9359
13 606 3333 873 2370 21 9682 2405 2127 2849 2747 6687 6365 6291
19 4601 9166 3024 8382 4285 3114 2207 1189 1620 4871 1045 7573 8788 4700 598 2490 1456 9558 2530
15 1515 789 3557 9180 7203 7762 1537 2534 7587 2089 7506 3898 3500 5876 2627
8 6424 3176 448 7190 5628 1746 4528 3207
29 2465 3918 7546 9680 3565 3051 3775 4696 514 7769 5074 5725 7647 9270 3300 2279 2084 9119 8936 367 915 860 4242 8634 2114 6585 7459 4091 2878
18 4758 9405 4084 8868 761 6380 6270 2702 8237 2835 4378 7570 1065 7260 1743 7107 7015 5616
21 672 3546 7224 6069 2686 6034 4063 9962 6882 7366 2229 4523 7536 9578 8676 6028 5185 9184 9461 7410 5230
15 4742 4984 3291 4824 106 1747 1606 1049 7590 829 9373 3728 8249 7146 1378
30 8509 3170 4109 1904 2333 9576 6172 3228 8229 880 2504 6874 6790 973 9437 503 418 413 307 1398 4178 5456 6685 6490 7083 9014 7603 3716 2794 3985
30 5769 4873 1251 6420 6615 6705 2105 8695 374 2505 9264 2086 6775 8976 490 2213 1566 7978 9235 9621 3206 2266 9468 844 1636 5058 8517 4273 7138 4018
26 8477 5027 4635 4733 1684 7211 4709 425 3007 3121 2218 6423 3973 7802 7674 5496 3096 4254 9058 6108 8858 3612 9413 737 2410 7820
31 2949 6485 9412 9487 6856 5503 751 4966 7745 4045 3373 8869 1831 7149 670 6974 9967 3376 7852 2428 7942 7518 5618 5575 6022 3214 4215 7131 4350 5714 7049
24 2986 8848 4720 5719 2754 952 5031 6674 9015 9879 7718 1538 5339 551 3019 5884 6449 504 7184 5202 6573 7772 9123 5370
23 8703 1637 9666 7975 2605 5888 2425 5267 2171 8160 582 2546 7520 7371 5430 1703 8619 3837 8195 9507 3787 948 7937
5 8773 7940 872 8397 805
14 5086 6404 8713 4080 1797 7284 7071 1764 5000 3015 5248 4240 3611 9281
26 8518 8783 6239 1260 4245 3721 3759 6098 9822 2901 9987 8755 7507 7461 7800 1423 2306 6077 5290 1279 4261 3523 6470 1540 9387 5723
21 4882 8566 3426 8823 3116 5952 7150 819 9444 510 1668 5738 7443 5215 3653 5354 3681 6323 7057 9552 4846
28 3471 2899 1313 6186 7438 9858 175 8214 716 6203 1871 7788 5870 3590 3164 6632 9174 4480 5940 8723 2064 7705 2656 5874 2493 9201 8847 9711
21 541 7180 9845 640 6985 85 1511 546 9817 8598 8460 7879 887 6600 6792 5580 1014 6481 2019 9304 231
22 1273 2233 6951 2382 2060 7636 9948 6962 7609 4365 8009 8200 9924 6472 6417 4610 4785 8320 7649 9700 4158 3780
34 5343 8426 1908 7312 2245 9118 4021 1250 6784 5809 1480 6683 692 3714 694 9233 9863 5336 2484 132 4461 5085 9149 6017 9521 7400 5942 6496 3412 9271 7221 298 8908 5175
31 2278 1593 1489 3830 4016 8791 6305 4764 2919 9710 462 4594 8662 6684 9022 9114 6262 6006 7782 4385 184 6100 7308 9756 6941 197 5312 7238 182 3417 7058
14 5161 6493 9255 935 9527 907 6805 3624 5481 9302 5444 8083 3975 7606
14 5649 7534 524 767 2760 1525 2263 4810 9124 2647 4570 6158 9398 6242
23 9888 5858 9030 4666 986 6132 2270 7014 7918 9779 9939 7556 1298 2868 4680 3056 4757 5011 8538 4911 1261 6260 2770
21 9020 1984 2782 5158 8188 2173 2156 7749 5340 4232 2413 6249 3810 2379 4926 3125 5845 3665 3690 5953 2914
19 4066 8073 2896 5662 7816 967 230 6064 6692 9686 8525 4991 5151 9051 899 7959 6010 4177 5784
9 2384 1670 2343 776 1736 5889 944 4116 6700
25 8342 2791 2626 6711 5182 6984 7759 4099 461 2972 9441 3454 6830 5877 7815 9098 7452 5109 2643 6979 9178 9782 8939 1230 6917
11 6529 513 839 9795 6076 8667 2907 8767 1513 5478 5471
9 1724 3329 5983 7671 3023 836 1473 1923 4747
17 6031 2132 210 9159 1415 509 4654 384 6382 1775 3642 9211 6250 4808 2289 3347 6505
29 2061 9347 442 7226 6538 9761 9481 3867 5123 5630 7502 6820 2129 1857 2995 9828 5796 2101 2723 1373 5588 2785 31 9099 5434 2280 8861 9677 7405
26 4309 1414 2143 7557 3047 3732 9033 1745 9833 8339 9644 2244 8359 2197 2283 5643 9995 5397 1954 6611 4363 5836 794 5439 8463 2890
21 9084 9406 3976 2056 611 4007 8951 3435 3839 4584 2769 2636 1695 4427 8837 5048 9307 1141 2773 8862 2321
9 7401 4208 7379 6762 5910 7122 3028 8825 1801
23 7040 5227 2784 697 9045 7572 3875 5562 8108 4212 7699 8417 4304 3363 33 1127 5926 6955 8424 7307 5390 7950 1972
14 563 7113 3986 6622 4442 850 3171 185 3427 4181 1961 5047 2329 4189
25 9283 2436 2780 3602 7668 7448 7643 4884 2052 2931 37 6396 5258 2524 1361 6626 6408 9841 1928 8341 9676 2488 9736 7586 2961
18 8731 6150 2649 4065 8038 6452 293 5166 3404 3598 7658 3822 3730 5264 5035 7042 9990 2664
20 6783 3236 8573 35 6480 4355 3044 4019 1424 4992 2148 6376 7247 6225 9885 5960 3742 7235 5682 8740
23 7399 902 4507 4940 1346 6657 3731 3432 5104 5529 2451 4762 9591 4488 3558 3944 8626 1060 4286 1327 8091 8818 6494
14 7957 8484 6669 9735 5724 2602 9896 3476 2397 7077 386 4420 722 7289
16 5445 7435 3989 4048 7630 2670 816 1535 8828 3777 5683 6214 8948 7833 4140 7264
27 2559 3990 4630 1233 3594 4403 9458 3648 7724 4224 8126 800 5167 7497 9293 7887 9352 4271 8305 2575 8457 2098 6035 2469 6151 6350 6063
30 4788 5818 4154 164 2059 6280 7777 8694 4163 929 5909 8246 1965 4974 824 5633 1162 6194 9016 8092 2823 8398 2638 4445 6354 455 7402 1158 5415 2208
28 7861 190 7117 6265 9512 6512 629 5632 8843 9785 7626 7101 8954 6847 5761 6691 3183 1608 4609 5489 1536 7748 8311 6675 6045 2586 4978 8377
16 9913 8254 7277 7535 2790 4209 3722 8986 3595 5950 3060 4431 4812 6914 7436 1633
22 6706 3826 277 5816 6526 2613 3669 5782 6211 3550 7707 7328 8922 6545 6388 7591 5775 8982 4996 9638 3880 9637
20 9449 2031 57 1365 1660 990 235 624 6995 5136 2572 5153 1704 5897 9585 5044 9025 3627 9131 6342
11 4855 8965 9392 322 2678 4361 4678 1641 3014 4127 5361
12 1833 8739 4673 3938 1272 6647 4249 4675 1921 7147 8726 6148
14 445 5948 7638 4246 4050 506 1319 8623 2001 4774 8778 1118 3134 6569
17 7561 7704 2495 9002 5428 7162 8245 5658 8599 6363 4051 9891 648 9726 2908 7938 8331
26 3629 9935 1530 1218 3554 381 8445 2385 177 4327 5899 2360 5462 7823 2933 9780 8842 4100 3515 3131 642 4172 2836 9650 4311 4891
18 7064 7116 481 6128 9620 3879 552 6336 674 6672 1716 9192 4711 7990 5883 5460 5652 562
25 6724 9503 975 8146 9871 354 7010 8014 8620 9826 9542 3553 3917 9017 6835 2392 4616 8256 7905 9296 7530 9993 6257 6113 1823
24 297 8792 6220 3583 5228 1565 3829 1198 5559 8177 9163 4423 6572 9961 564 2929 573 1437 3600 4162 6112 6559 9811 224
28 3527 9974 3317 2305 4141 607 2802 4477 2875 3425 65 5804 2501 5904 2943 9170 4945 192 2801 9094 7495 1219 9147 8124 7565 778 6667 5859
27 2828 7471 6786 9815 2731 6272 2187 4213 8610 1799 4550 5268 6513 9335 7273 8335 9674 988 1153 6759 5549 3304 3656 8467 7906 6690 6919
14 8962 1630 965 977 2981 8244 8481 744 3470 1672 4001 5570 6516 1114
33 9581 5654 6255 6474 2323 6089 4930 969 8316 4784 9001 8764 4009 2631 5191 1976 2545 8651 2965 8887 3726 7902 3242 746 5269 8132 5142 7214 7151 9331 6271 6507 9545
13 4346 3575 2401 9289 5241 5603 8023 7809 6015 2730 4490 7437 1575
7 7799 2736 4811 1084 12 1446 5432
31 5440 7687 8447 4107 895 9537 6719 4724 5835 1466 3710 4096 5262 8616 9193 996 703 2295 1183 3392 5946 5075 6050 1490 3942 9616 5563 1374 7185 8744 4531
22 7088 7677 5090 1792 6402 3102 9156 3305 536 8007 9534 2777 5257 2672 9587 8663 4995 6731 9567 5825 3120 2848
14 489 271 8462 4717 3027 4915 1025 8048 6894 9865 652 6477 1599 3812
13 375 2538 1010 7444 1623 195 2858 4563 1180 5599 4968 3954 5592
11 8559 2788 6879 3635 884 919 1936 3441 2096 8490 1185
23 4494 6877 4863 4953 5437 5021 9160 1383 8437 5320 3888 2085 7634 5270 8754 7540 673 7863 3405 5395 7537 5718 8921
21 6843 6004 7249 6550 4615 7811 6902 7078 777 8492 1842 4144 556 2350 9528 9986 2133 7244 8089 6465 7641
11 7141 739 6208 2999 6580 5260 3751 6581 6509 6072 1344
19 1105 1111 2937 1721 2527 1428 5134 8432 543 5164 8065 861 7127 9434 4401 447 6191 1892 2252
20 5406 8699 8448 6575 3778 9952 4828 5635 9397 7340 7330 6564 7023 7850 8053 4611 8838 7985 8374 6467
27 3167 7398 1524 1777 3789 5837 1768 4353 9474 5880 1031 6730 4173 4468 1444 9802 5826 407 3695 2066 308 8501 5224 2492 6210 7714 8700
17 311 7337 507 7778 2406 1464 1342 9295 2303 1167 7997 9903 8934 7954 6819 7219 1658
12 8890 5475 125 450 620 4275 7241 535 8641 325 2746 2090
5 7468 1744 165 0 9569
28 7229 7082 2690 9042 8854 6989 3326 8506 9089 5768 1911 924 3123 2861 2364 5852 9664 6947 6506 6867 1044 9956 3604 1147 7831 4918 4925 2055
18 7913 7097 881 636 1459 7659 2037 3395 5002 1730 9431 1112 2460 1467 7991 2253 1579 3259
31 1528 4706 6804 4228 9477 5187 9262 2076 4792 2525 9789 4104 2034 239 1598 7708 5220 6608 7619 3342 1917 8032 7242 1379 8380 4305 7869 5494 3687 5817 5273
14 5693 3208 1208 6397 581 1905 1661 2579 1397 4751 3504 5159 1962 7039
24 9411 4414 5540 6352 1835 9466 6946 8659 6699 1814 4852 8121 6555 3768 8358 496 1231 8487 4095 2679 4 2243 4553 6603
24 3281 9128 2681 1518 378 9647 8800 4397 1944 6085 3256 8873 7504 1237 5378 4600 8483 3644 8090 4424 7577 1359 8337 9430
13 4618 3708 7924 979 1289 2378 1229 6226 3703 5024 2886 5294 6997
31 1978 9191 2539 290 5678 3636 3169 4089 9980 280 6140 3547 8903 6679 1351 7175 7449 9422 4527 5414 4448 5266 966 7300 1728 460 6959 1643 5423 4324 939
28 3307 1438 9401 9286 4973 475 1311 4328 2898 1292 1008 2498 6602 999 7848 5007 8280 7667 1806 8734 8894 7059 5342 1128 9614 5848 2755 3857
9 9140 3358 5098 441 1615 1935 4191 8070 1718
31 3149 699 608 4920 4410 1997 4645 5913 7466 4046 4892 6201 7547 9983 6146 7798 5696 7212 2371 6577 8365 9145 4765 4425 1268 4982 7517 220 8123 4501 757
31 8950 9852 9602 8346 498 4396 7882 3451 4834 3499 130 6848 695 9716 8299 6859 1485 2420 1498 4362 3297 7431 9417 4923 2010 9332 9120 5623 6723 9013 4013
14 3371 9052 9869 8747 4854 9044 8199 764 4230 1825 3322 6445 5973 3402
13 9626 8435 730 3375 9190 233 1322 3145 1007 5776 8095 6322 6665
23 6767 5744 2881 7579 5660 9062 3754 6104 8935 434 991 8294 6229 8839 9580 9692 3302 783 9126 3719 8106 3994 8947
32 7455 7357 3603 7690 7494 2771 6422 1081 3258 8401 8416 7407 4456 6138 402 7130 9363 6372 6303 3881 1616 9008 7390 2522 1506 410 3048 1172 9311 3059 3369 1731
15 3855 9463 248 5955 5783 823 1263 4503 6243 4496 6463 5190 3324 2491 8154
16 7463 1227 5332 7926 3699 1286 8704 1760 4438 7892 2985 3273 8622 9439 6433 4783
13 583 4511 533 1102 7019 4006 8753 804 258 6661 1966 1088 7374
29 2917 8458 825 483 4914 1294 9263 1595 4270 3874 4167 5670 8974 4312 8475 1502 4000 8478 3884 5703 1849 5492 4308 3349 8863 4606 6351 9329 2704
26 5902 9851 6125 6498 8955 2033 5622 178 5219 6114 4340 4368 6948 8971 6869 6371 1878 323 7343 8282 9818 9876 1573 9354 4319 5586
20 6418 9495 1655 3398 4639 3439 8373 4722 2762 8061 5313 4176 6957 3485 1380 2194 6019 2337 6 6650
5 4536 3202 6521 962 770
14 3030 1973 3685 871 4539 1316 5103 1395 1362 7218 5463 2300 8430 6934
28 6361 6924 8574 5777 4558 1601 3663 7245 300 9284 7817 7339 1638 3846 1328 6326 4805 7672 698 8344 9455 8276 9997 82 8612 3535 181 2322
7 9121 9021 470 1435 3252 8913 7601
14 5299 3147 379 8815 5211 3660 905 5325 5197 6037 5978 3591 6606 1242
33 187 9046 9306 326 1508 241 7856 3524 4989 9823 3799 2607 6605 5039 4457 3295 7024 4407 5715 8583 1906 8347 838 3089 8544 785 9518 5246 4005 8452 5935 759 7036
26 3607 3245 3601 1527 7243 4376 4101 3082 1496 8996 3750 7266 7650 3962 5687 5530 8287 1766 2822 822 4149 762 1614 8185 3218 465
21 8878 5954 4704 1239 1256 3429 5708 1679 1041 5992 5561 6184 7623 7317 1848 7859 7310 4157 3464 3619 2318
6 7227 9848 201 111 1586 1356
24 303 1784 892 9631 3058 3319 3054 5124 3901 550 3186 4093 8673 2285 1769 4975 9399 7388 8451 4769 2421 6088 2998 464
6 6456 9459 5813 631 994 2029
33 3444 8149 2147 8614 2464 1232 2665 2386 1862 7081 2121 3173 6908 1154 3832 547 1165 213 361 3481 6660 2489 3934 6651 5677 9162 3576 8084 5673 4295 6246 1813 8865
28 2920 1883 5500 9926 7683 1222 2217 1846 659 4879 1709 8705 1832 6798 5106 6628 5706 9034 7304 882 4391 1577 4581 3800 1483 7313 8433 1107
23 4525 1194 7000 8940 8665 8737 1864 1004 5176 5786 1132 8822 7725 5993 6419 2168 1484 1991 3922 926 424 4332 7834
18 1794 2293 3991 780 6825 5914 9784 4947 4850 8081 1400 3472 5828 7295 9336 579 3825 8232
30 6633 5393 428 5602 4291 6814 9165 159 4888 5792 3210 8963 4533 732 3473 8010 6086 4025 6309 7736 3100 2458 8558 1419 436 7303 7980 8552 6221 8046
17 6607 2742 5621 4450 7037 2115 688 134 1889 3431 1156 54 5010 9599 4753 3679 2225
26 700 7329 5017 1755 8421 8523 7729 1710 7793 9810 7904 6339 4964 1477 5945 6295 4627 6432 4010 3280 1213 2697 3762 8898 616 7223
15 8204 3196 4661 9349 5597 815 6464 651 4367 2003 6070 2342 3310 4133 1343
22 3564 8586 3833 5917 2776 2126 5844 4939 1431 5139 3919 6801 9471 5638 4412 2131 3128 1826 8352 2610 9374 3883
16 1178 6173 849 3940 1211 3163 5350 2237 8845 4612 4183 5130 6032 2457 6074 3517
8 3654 3767 2693 1462 3980 1026 2007 8319
9 61 5990 8207 1723 8034 7840 8806 6544 6285
22 5971 8715 3263 2167 9065 942 6013 4971 3496 4394 8590 9718 5577 3805 5084 4571 7596 2812 8893 4962 4716 8519
9 8587 6304 7465 2212 3809 9509 9501 1015 8654
9 2015 9925 7153 207 312 1478 8278 2376 2273
35 8179 5113 6455 8915 6742 3026 1245 646 2817 9570 5014 7207 7770 3784 1897 9351 6678 1933 3960 9181 1548 8465 6315 7491 8621 8060 4083 3144 2339 8528 5607 5806 3132 4671 729
23 6277 8557 6547 7685 8609 9232 5001 852 3222 8115 8672 6320 7970 3419 2372 2161 9875 9369 4904 6294 2818 3087 3987
17 1757 6135 5049 69 8219 7883 8530 5453 853 4119 9346 1836 2726 6845 7989 2677 7228
15 4644 2654 415 6041 3135 8031 9372 6276 555 5331 5987 3327 9146 5536 4049
13 6002 5218 1363 3614 589 1666 5640 14 8201 3733 7268 1887 4446
12 4829 5382 584 1551 9957 684 3091 5126 911 2593 2298 4929
11 3578 2128 98 1979 1061 446 1280 4220 1082 1139 1510
7 6252 9109 252 350 2346 5821 868
17 8640 3758 8157 2338 8546 3905 6301 4569 7635 8886 2155 9978 9493 9290 5485 4779 392
10 6794 2335 2973 9254 6425 6739 3270 5091 3848 5596
17 6403 1977 39 799 3694 3959 855 3001 8006 4169 5750 4231 7427 1570 8808 4268 8371
12 6039 2330 105 3507 262 609 4934 1059 4823 7917 336 5731
28 5324 8932 7768 2440 3885 9872 3338 9505 6999 8721 7009 356 2793 654 5427 8537 1571 3440 9243 2301 2962 3971 4267 679 1758 9673 3380 3931
8 423 6912 8493 23 5141 18 2463 4474
14 2519 8213 499 9754 5864 319 1073 2004 4572 4174 5949 9714 8080 3064
32 4090 5213 6756 933 8187 92 7263 4798 949 9526 8033 5188 4121 6378 6846 1516 8336 5906 2873 7155 8466 9892 6945 8716 416 1234 8923 9350 3626 8044 3956 1881
17 24 6189 2230 1830 9511 4806 100 1349 6066 2412 7992 4551 4956 1377 5900 7758 4695
15 6965 8892 5732 8995 9737 6907 9379 1946 2715 4632 813 5648 4576 7478 5578
13 9820 8774 8536 2916 4024 4070 4952 2262 314 4961 2940 5758 6087
25 9679 6654 4194 951 4481 1613 3099 2174 2568 15 2561 9697 4152 3081 9895 3268 2487 6594 5177 2623 1514 2449 8879 7404 295
20 3667 7451 1959 4029 4862 8809 8830 4358 2768 8958 9588 6487 2317 4108 73 6118 5055 5819 998 4803
27 6807 3596 4164 2783 2470 8379 115 6932 8182 4899 7529 8817 6977 972 4336 2778 3927 8752 5932 810 1479 411 3819 3480 472 9721 5179
22 1335 3294 200 1628 8173 2368 3609 9687 2737 889 3763 1493 7753 9699 3272 1594 6782 6853 675 8321 3969 2130
27 6695 8302 8274 8285 7434 4372 8642 156 6659 5907 8743 9139 5600 7195 7262 4950 3955 3243 1360 5871 5542 3978 8580 5362 2847 8636 7173
30 3817 394 5510 3017 9557 6398 9410 7309 3621 5998 7145 2042 3776 3406 9175 7012 5330 5518 628 228 6586 4179 2030 4284 9525 3140 669 4778 4817 3698
28 9409 6900 3424 6922 8682 66 8652 8851 387 9790 4486 5785 4620 8141 4333 3365 87 4797 8522 6614 9189 1851 1837 108 1701 8941 7681 2521
20 4094 9090 9813 718 2856 1460 1465 6216 4749 1146 8975 6935 5345 3769 5773 7946 2227 6258 3858 1547
13 1353 3608 9072 399 395 1819 2071 6773 2970 5533 3084 3850 6080
10 222 1605 6377 6306 5 3179 3265 1642 7496 4841
30 622 1734 9890 846 1175 645 1169 7941 9031 6883 8540 936 1217 8476 1296 9683 6532 588 7258 2902 9922 3727 296 1191 3745 3872 2821 1210 5629 2813
21 4098 1100 6003 9562 9450 6357 2831 8300 7604 1220 4302 7857 2906 3561 3672 6415 6366 2633 6231 2445 8572
17 3457 8449 3821 2717 6248 408 9798 2447 1964 7521 5152 8900 3492 5022 4936 1722 3781
12 113 8978 2112 908 4532 320 7164 1027 6384 3279 9443 8850
32 157 2026 2566 9633 172 2181 7364 8860 2260 5967 8051 7006 6728 7288 5733 676 8181 5595 2162 2721 6653 1617 6096 7087 5119 1080 7702 5458 6721 9088 6458 2909
12 1776 2512 5516 3666 5107 3993 9375 6374 8303 5348 7836 5788
10 6044 4112 7666 5668 8071 3911 667 251 5467 1207
23 2695 400 4761 8991 6886 4344 6359 8953 6925 6059 5379 9661 8471 6362 5229 8056 1802 9656 4759 5896 9176 5647 6390
24 6689 6662 8548 9105 4869 6601 6346 7555 5941 8150 9541 7285 7661 1925 7919 7053 9689 5051 2103 6311 5988 2185 1805 5631
25 9799 7198 2657 7737 1491 6048 3958 7043 189 4944 7334 8516 8917 4265 4036 5980 717 8561 9772 8423 3350 75 3407 3929 6127
23 4475 9595 7637 9757 9179 7912 6484 2548 2882 5908 4258 6204 5181 558 6551 2624 9596 5499 6715 9241 1809 8001 3204
23 5970 7028 4196 4482 4659 5043 5400 9516 5033 3231 3534 5502 7720 5416 7027 8759 1788 3676 3641 1488 9210 9117 9536
20 273 3311 6536 497 6101 9684 7761 8164 7515 9701 4832 7267 1236 3266 9435 1358 2918 2750 4763 1545
27 6663 3409 6741 1986 9314 7692 46 9975 9077 1176 538 714 7351 3738 8436 6561 346 925 8706 4015 5207 5003 2764 587 7597 4292 9069
14 3055 1024 5829 6316 5539 5287 2075 4773 9157 4272 7352 5326 8402 3286
17 2296 7319 3050 3680 4205 2979 7971 4472 2154 5919 7280 5676 5787 763 9773 2172 6514
16 4377 666 867 938 947 2142 1307 2063 3516 4380 5912 4599 7742 5454 9004 8054
14 9313 9733 2106 9469 3475 6293 4872 9912 5608 4449 7090 8745 7362 9831
13 1305 1838 8979 8309 8521 6749 9018 9954 9609 2698 4649 3617 8925
9 1135 7483 1056 389 5272 635 2069 4542 5077
9 3321 3774 78 1021 5505 176 4054 1663 4399
9 4948 5480 788 324 1333 702 9465 9472 1507
35 2571 3257 9320 7574 9625 9832 8555 3122 3909 5700 9038 6406 4590 22 6823 5506 9488 5261 7254 237 8751 7030 2446 974 4226 2259 4075 5560 8997 246 4983 5127 3069 9203 3458
26 8708 6502 3067 5307 9100 9836 8505 7898 8646 9278 1471 223 5590 6510 9807 7378 3189 4864 148 7261 6007 8043 4993 4741 6288 7986
16 1005 2714 3362 3292 1882 3828 1649 2092 6314 2925 2733 3020 6349 8238 5855 8002
25 2008 3104 6409 2442 5036 4744 6850 6106 4473 3159 2682 3013 888 5916 8608 8880 4375 3254 9668 5446 910 8152 2200 4047 4277
19 4071 4387 1177 1685 9273 9731 1433 2796 742 3178 9245 8702 5772 1144 7069 9499 9860 3914 1254
14 7952 4546 7779 412 97 8077 2549 5925 440 1074 3856 8888 9555 7163
11 3696 9579 6548 576 3061 5168 9489 6348 4735 6918 2508
8 3647 5384 26 229 4337 685 432 44
20 9675 7891 854 8035 5426 1393 4470 9593 1340 4692 6282 6557 3831 6428 2435 4510 5688 13 7733 1948
7 3743 4260 4575 3512 8088 4390 6520
11 6649 7575 3503 167 269 1645 1526 2666 1726 1472 3618
26 6228 9452 5748 8338 5663 5303 2741 6222 2374 6389 9407 4443 5233 414 3437 2150 6256 9760 2692 8205 2628 4752 1093 3838 6073 9765
15 5381 1874 6319 129 217 787 4500 3548 466 49 4122 2454 7943 3528 2363
24 8406 4885 2455 7876 3740 4990 2240 4433 355 2125 8325 9862 6736 6568 4053 3303 8685 1366 9067 6627 4151 1204 8611 2691
21 8292 8158 6765 9464 6648 2954 3469 7680 8431 3101 4876 9788 3953 7851 8757 6355 5296 9764 383 6185 8131
19 4586 3773 7102 1634 6399 5100 2966 3752 2805 8284 5255 5997 8240 2879 469 6051 2196 5661 9796
21 8758 9636 4657 1474 2011 4756 1051 5247 2740 7743 6891 9966 4175 5327 1089 5286 6986 898 8078 4432 2659
33 7849 5487 9078 3105 3783 6927 6639 5374 5298 833 6253 1688 8383 8650 4549 2311 7333 5114 7858 4222 6079 1648 9502 5252 1391 7676 3301 6664 7302 7593 343 818 6623
28 5598 5572 1804 7554 4602 8831 7732 3904 5009 4623 196 7967 1702 6414 9704 2685 1654 1657 9791 5509 2080 4269 3455 1295 6300 2145 3185 3035
18 2429 5034 128 95 2639 1913 1352 4497 7837 6268 8111 4465 7031 6468 8581 6795 1306 3860
13 2316 3276 661 7446 4520 9933 1610 9615 1759 5146 5198 1426 3737
30 3580 8262 2711 4980 6021 8128 5584 4593 5116 7503 1539 4821 3137 1050 4770 6897 745 226 3900 5898 6230 9250 4126 4922 7964 858 7824 4506 5046 7539
12 5402 2523 9252 3330 539 1258 1811 1285 8885 2100 5895 1150
30 7956 6123 9965 4830 9751 3345 8058 5099 7866 5073 5023 473 801 8495 3525 7233 6369 4187 9217 6889 3198 390 8735 7001 4790 5512 5476 5697 5407 9196
27 3549 3249 2975 6450 419 956 615 1863 950 5576 6009 9082 4853 83 4453 6122 7353 6061 1770 4932 1554 9519 107 3390 5637 8147 7133
24 2356 4583 457 6340 9617 4326 8257 4159 3075 8904 5730 9112 8283 4621 3519 8875 7426 8456 2827 9873 1077 7784 2049 7559
20 5341 5743 4833 2904 5566 9951 1201 102 7171 4331 7576 7903 4301 8891 9775 5937 1290 2843 3043 3569
13 9707 7114 9627 9297 8766 3936 2759 2595 270 3571 9601 7460 1425
31 1269 9267 3462 3108 3616 5656 6809 91 1523 2395 7915 9623 9324 1934 6542 7999 9447 2215 577 9081 8197 6187 6817 932 9279 6769 4339 7568 4156 3378 8897
22 2313 3849 1326 7628 3802 6597 6297 5959 8551 3661 9739 1033 7835 548 9057 8384 7008 3264 2138 1055 7472 2853
21 7711 5060 8440 2825 5375 2706 8820 9838 8334 4335 3682 4351 2380 1092 5834 4142 3792 7154 2540 590 4243
21 1228 5517 1186 6523 9897 1779 76 6386 4033 6387 2087 2676 8771 5612 8999 2594 7136 3012 3543 4592 8069
16 5245 5710 7086 9947 4957 1647 8671 1023 7291 4672 6217 6717 2608 7673 7968 840
29 4214 4959 9806 9353 9164 6446 3818 2404 8228 5193 7691 6379 9859 1656 4825 8601 3161 2204 2987 1812 2361 6147 2606 86 8429 1318 638 5543 480
7 554 6747 8967 1582 1086 329 5646
11 4150 6199 4815 9483 6274 1442 2326 1043 327 2983 8594
8 9979 7325 362 1131 7519 3771 906 4338
32 8271 3160 3403 802 5620 7382 6182 617 7477 2110 2467 6519 9085 6726 3011 5080 4560 149 904 347 8388 9308 145 4402 4134 8066 9942 4185 6534 3734 6991 3224
7 2176 3246 594 4052 7368 1931 914
21 4307 1170 9011 6563 7847 6247 9639 3570 3277 9547 9899 5288 4771 5346 2499 3637 4977 4568 2964 3313 526
28 6780 4437 206 4404 9341 9364 8263 4117 1960 5486 1753 6176 8438 4835 570 5118 7181 6796 8765 1665 6598 3671 9 1820 8169 6789 5545 247
21 9393 8290 6245 3453 2119 1436 9652 1875 4204 3494 1920 6560 3563 8678 6287 5410 9608 2550 7789 3723 9766
21 3692 1625 9586 3502 9068 3952 2885 2234 4840 6873 9748 3320 8914 7695 4288 6421 3143 4820 438 7375 3275
25 1815 3029 332 2577 5135 5169 8028 1715 5143 5184 8165 8270 7121 9991 7979 2503 7739 7423 9792 3250 7751 901 5063 2544 8802
11 920 1013 3947 9251 9732 3389 486 3957 3388 9909 9690
9 7716 25 45 604 706 831 1652 9024 7509
29 6952 8209 6206 2537 7380 5352 2578 3785 542 6915 1981 6953 4487 5171 1572 5611 1171 3318 7607 4422 1076 3151 1877 7487 7052 9389 265 234 9829
26 8675 9137 4935 6942 1963 6454 8403 4607 5951 2415 7381 7806 7004 5929 6975 6803 9597 9853 9870 4334 1463 2195 5281 8019 1950 4129
20 8420 5721 9804 5674 704 2275 3165 7501 2923 6495 7853 5963 9856 4131 5789 5961 7828 7051 3229 3755
9 519 3049 7428 1223 306 712 4931 5461 6964
25 2507 2520 1267 5156 8353 1700 3146 1568 8624 8291 5097 9400 5645 7646 954 6637 1241 6335 8919 9339 8602 828 7356 9915 9906
22 2883 8024 2118 3739 8167 7988 2122 8857 7615 1783 8242 6928 3018 7767 9814 6302 5831 7996 7311 3255 2897 3984
20 6263 7188 8629 5541 8419 9738 3190 7730 4398 1309 2393 5380 3847 7189 7741 1329 9342 5742 7713 6439
10 6321 2977 264 784 427 259 3041 70 2840 6828
26 5885 7553 7631 6475 2651 6261 7642 6283 9288 4559 9880 2116 7797 1941 4754 3506 3237 1890 3033 9266 7416 9486 6981 4251 3478 1300
25 4687 1852 3541 4202 7994 7096 6279 8945 3782 680 9337 8532 6431 3006 647 525 6976 9642 2806 2349 6266 5798 2441 7123 60
21 3025 9246 5554 439 6903 9497 7558 2192 5329 5094 5689 614 6755 4573 1713 1129 8508 1064 1137 3289 144
13 6412 4693 7347 9462 4043 3926 2466 3034 3835 4556 3111 1559 5449
30 4637 8055 530 6718 2992 4613 9949 2673 1475 8664 7414 8534 7394 3241 5216 1682 723 6709 6144 5691 7826 7079 3702 1691 3520 9938 7338 8210 626 8717
26 7911 7104 1121 4875 6771 3038 348 5405 1297 9482 9299 9376 6281 985 6055 2199 6937 5795 6899 1915 7669 7563 36 1699 5501 9476
19 4842 6658 4421 4629 7387 1412 4074 2710 6102 43 8248 2514 7589 8657 7983 9454 2609 8870 9573
8 2418 8394 79 291 1385 1659 1939 7766
9 8310 7186 1192 7854 8946 7050 3533 2411 2926
16 677 5881 4352 5679 137 4898 186 1772 1058 3166 869 4668 2683 3688 4554 3643
13 9752 1113 1564 4003 7464 1533 1894 5223 2474 1983 2564 2819 7625
28 219 315 5507 7870 9345 8937 7425 8782 3394 9667 9056 282 7588 6149 8584 9762 2932 9125 3219 1899 5894 2671 1683 3126 6405 1226 5555 9776
25 7657 7612 3396 3566 7682 5279 2809 5451 8987 5532 4092 3796 7584 7420 6284 5144 3964 5581 662 2880 8396 6931 7527 4951 9227
16 5934 8711 2209 643 7296 1368 1622 3076 5747 3344 2763 9861 5749 7899 9648 2307
9 7119 2426 3066 4411 9750 2936 879 3903 748
13 961 7108 8780 1282 894 3508 7930 2433 6988 1486 4364 8701 1439
12 2531 4455 3381 693 3213 340 995 2844 2592 4577 4901 9326
6 8227 9921 605 1035 9834 8036
25 7929 5808 5890 4299 1729 9457 775 8804 9101 1752 9141 7142 4845 4710 3650 9839 6233 7450 8389 5737 5311 690 9770 4987 8301
23 5235 1384 1869 6430 9199 5045 7697 9303 2444 8545 5117 9821 9958 3387 6949 7644 8340 8468 443 5459 4281 7969 3664
8 734 8104 9830 1550 476 6441 7476 8980
27 1879 5466 565 2967 2178 6213 7118 7275 2264 8293 6038 1314 6142 3074 3136 8846 4917 7358 1083 2877 7251 4723 5057 5931 321 8556 6111
23 5868 7210 41 3605 3537 6643 3482 4415 8026 8550 7701 9083 4730 7706 2111 1858 4239 2249 488 2583 3928 6152 623
25 8175 8787 1674 4807 2982 7901 6407 6081 4638 9849 4625 2024 3489 7331 5589 1737 3226 2472 8295 8849 6958 7112 707 7533 8535
22 9523 6849 3354 3966 2952 2585 5579 2453 6393 6562 5083 8748 8107 528 7240 8356 1795 140 9484 3836 3620 4622
26 5300 7810 3334 4028 8194 4664 5803 6426 6056 8562 7842 2978 3939 7047 2911 3662 5930 9535 7124 5667 2083 4994 1698 5760 900 4241
26 6160 6457 2074 782 9116 6584 4034 9964 8510 1541 9006 5582 4647 2991 1780 4386 8859 8756 99 705 5322 3113 2815 8120 6766 7391
26 6815 1492 7927 284 6729 7191 5008 2989 5201 3428 4136 4614 5882 9946 7550 574 5745 6760 9257 8411 9747 1708 8770 2221 4124 8375
17 7862 5377 7193 843 578 3592 2359 5763 2124 5365 1940 1095 9467 2353 9097 3562 8674
13 3869 1609 1142 3022 1106 2781 4371 6832 1067 5653 8666 6840 4186
12 957 5359 7406 3816 8192 6972 393 7878 2728 2287 8503 6170
31 7877 109 5006 8835 417 8796 1557 1079 4713 6630 8072 4651 4038 232 1310 5093 7179 4357 5568 2688 6478 8526 1238 351 5392 5551 1274 522 3945 5857 630
30 6901 9920 199 1873 753 9134 7134 8687 2048 7624 2808 11 7192 7250 7299 4370 1401 5938 7126 3348 4946 4743 721 6788 8683 5791 5474 8905 4484 1212
22 7429 658 6200 7196 6062 1364 5373 8741 2139 9403 7675 2416 6860 2798 2734 4463 3046 3712 8884 9577 1646 2617
24 4379 7129 8832 1240 3220 9202 8094 4858 5684 6921 612 1283 8881 5851 205 8405 1249 5450 4283 5811 6994 430 4145 8098
18 610 1090 6327 2000 4123 454 7516 4012 4768 6543 9258 5820 2811 6207 7719 7524 8333 6533
11 3008 6155 8784 8464 208 8037 2160 7693 352 6190 8235
25 5192 2424 6053 9549 4409 6313 9900 886 3790 9513 7062 1953 5396 9275 5802 3852 9338 2946 6844 8877 5753 5508 7783 5108 3713
7 9514 696 3779 856 2660 6644 3386
17 9187 6752 9385 4493 5994 6197 8099 8307 970 8127 4210 8215 8568 4580 5812 5334 7252
14 713 1803 3181 2407 1042 1781 5498 8153 1481 6895 1987 6241 8113 1120
21 6961 6884 47 4656 2653 3393 9741 6680 8661 2461 6337 5759 2889 9500 8949 1847 3718 811 9396 9781 4725
23 7499 8489 8203 3490 5892 1627 4485 3513 7344 8239 7796 9225 9630 8473 4439 9365 7688 2637 1969 6212 6595 2203 3586
13 6381 2297 6910 613 8819 2876 4373 9840 4697 1549 4479 2032 5244
32 3988 7512 6192 7602 4782 7034 1215 1443 2292 7592 2557 9240 6165 7403 6137 2485 1621 803 1957 1091 6954 9898 6933 747 5401 3488 2158 2113 6434 8178 9850 3274
23 2944 6875 2216 3414 5751 8761 40 7488 2713 7363 2284 3448 9989 3794 6892 3162 1808 6725 204 421 1001 7035 1006
12 4143 3148 209 3972 3433 380 8968 9600 3853 3284 6093 3172
14 1563 3468 249 6416 5072 3438 1468 160 3312 5762 5431 5977 9878 8618
14 6198 2942 6159 3073 3585 8637 4011 9231 4492 6145 1951 2202 1020 6890
11 549 3197 7804 4603 80 9663 6099 3863 1350 5020 1653
31 6916 7864 5295 7787 146 7276 4300 9132 147 7830 2373 3282 1308 7962 9945 5355 903 4954 6990 9590 3707 8579 8677 3423 5873 1157 3943 4728 9794 4650 6870
17 9698 3384 1276 9657 4035 7239 4802 5140 4135 8297 7771 9253 5121 1585 7977 1751 9568
5 3168 4200 720 2573 5891
25 6670 1323 4624 3191 2077 4652 8595 444 4491 1531 9298 4128 3235 8314 2582 6259 4640 9294 7951 9669 8515 5964 8122 5606 431
23 2166 2915 5920 7152 9158 3261 2054 3811 8326 7125 5484 3379 827 1916 8496 9529 8355 6841 8386 6768 8959 5293 9380
23 9901 2357 5214 9696 5686 2409 2480 7498 9433 6713 1394 4388 8729 5655 2476 8565 3248 6624 317 7202 6518 2597 9334
13 4058 9473 7373 7686 5433 3315 4244 3031 9221 4138 8722 1680 1293
8 1866 2006 2718 5531 188 1408 3887 2862
11 8670 3536 28 179 964 885 16 3633 8762 9970 1288
7 1543 726 4910 9927 4476 859 6461
32 9325 1860 9012 3632 2570 5495 7665 8990 5310 7829 7080 2383 561 8343 1982 6802 1996 6267 3659 2891 5013 7734 735 9423 750 451 5436 2267 4040 9391 2276 1136
26 6694 5746 502 6710 2250 7246 5853 3098 2045 6367 4775 9322 7205 6970 686 9755 1816 6549 7514 5797 4110 2976 9048 4320 644 7611
25 580 4648 8410 8653 2551 5557 7176 272 3079 7100 3551 4262 2239 5196 5053 1440 5609 7074 9703 756 8275 790 5280 7115 9532
16 6115 8630 9087 245 4665 9628 364 9708 3118 3587 3217 1919 7290 2312 8718 8453
15 568 627 4233 5120 5012 657 5553 2088 681 2310 6631 3042 8226 4799 6492
40 2135 817 3092 5757 1503 8575 7209 9972 4636 9624 9219 3039 4330 8961 3182 909 7321 6813 6169 3639 1291 9727 2149 2708 781 8109 6328 848 834 6553 8313 3357 1990 6358 9749 4451 6330 2625 1038 1662
34 1040 1689 5285 9634 9681 3970 1109 9641 4236 2057 3501 1822 1264 9148 6734 7551 8241 7752 63 8117 8443 8011 7170 4534 5521 4193 7350 7981 2046 9771 6084 8541 8777 7105
9 9305 5991 6154 191 1542 5669 1341 2516 8957
8 8184 9763 1706 3889 664 1225 2968 5029
36 1315 3651 6410 9104 1386 2635 3112 2696 3364 1859 6082 5995 7894 3761 2601 9724 3963 1130 518 5482 487 1151 4030 6227 6852 7213 4413 6195 2703 2752 5148 632 9937 5659 3886 3950
17 9670 9544 3129 6058 152 6537 7315 9566 8864 5105 5583 9498 8549 2344 6090 6993 7855
13 8578 984 388 6462 261 600 1763 7844 8139 9451 5174 3032 5399
5 7109 211 1817 8345 391
13 9847 3540 7355 1416 155 5639 7056 9076 2629 3298 7182 7 2210
29 7928 19 1635 7430 8348 1369 7513 4113 9659 6312 153 4454 5729 7032 4238 8668 653 6095 68 4726 4702 3343 9797 7395 845 1829 7335 1602 4865
20 2869 8020 9744 5650 8876 7068 5394 8063 4698 3748 6014 5823 5231 7038 9540 7801 6761 4069 3559 8684
11 7013 1411 288 71 3337 3941 5604 2529 2334 4760 8012
25 4894 5491 7372 6634 8795 7785 5238 2969 7727 1199 7132 6047 9533 2351 3820 3982 7367 7947 2993 9323 8 2922 2134 4197 2170
17 4679 1949 81 1947 2021 7259 1029 875 4322 2510 1975 2091 8441 1287 7215 6060 1452
7 372 7948 5138 143 1195 1705 2658
26 4056 6851 5282 5054 6078 7595 7066 5221 1193 8027 7645 9658 8821 4748 3223 625 7523 8658 8907 9010 5455 1495 9719 6613 170 1244
21 8102 1421 1252 9037 708 7457 6566 7872 9919 2684 9153 8469 8206 5338 9301 4691 8797 8265 2830 2839 8499
11 6822 7156 2963 3786 655 665 9492 6638 896 4027 7813
6 1097 6745 1381 2486 8332 9931
19 1138 9864 5815 772 141 7490 774 5664 5850 3599 5115 1895 9197 1868 8251 6616 1003 9172 8789
