28 13 1846 9743 8118 5109 9115 1639 4472 1882 3785 569 2412 865 5073 838 6837 2708 7889 2307 4439 4203 765 8905 2454 2264 9347 2925 2582
28 7678 2156 7793 5462 9966 8584 2840 996 8840 4652 7036 9704 8722 8255 4276 3370 5484 7425 3248 7403 329 4816 4210 6 3214 9476 6513 9404
28 746 9589 5206 2244 7867 4628 8569 243 7390 8013 4844 5811 331 1661 7859 5409 183 471 8921 6140 5979 8357 9789 2383 3015 9041 769 7568
28 1572 4805 8170 4327 5585 8651 6859 8423 3167 472 4243 3490 2842 2967 9326 1819 7737 6124 2420 763 8729 1129 5571 3237 2571 3758 9349 7908
28 3440 2766 2365 3324 780 2775 7299 6369 794 8783 6364 3507 7949 6406 6873 66 830 4847 2723 5362 5321 8354 1782 7287 1279 5586 8640 7555
28 3039 7256 3911 9930 7528 6016 3479 1174 261 4691 161 2948 1126 9448 751 7763 5880 4706 4023 7098 151 4729 3224 3219 8241 6008 2670 2528
28 2452 286 5966 9019 7416 3716 2391 7489 6750 7709 5964 5249 4930 213 700 9564 6884 2929 9518 9028 9373 8065 5341 3841 7332 8987 8986 7533
28 4523 8502 9117 3333 3612 8277 6618 4350 2322 358 7257 1206 1934 7242 8148 7196 3013 755 7762 8856 1384 2377 898 7717 8100 2357 9645 4014
28 1785 1824 552 7060 3177 9721 6267 2158 2179 9442 3110 644 5198 7346 5947 96 6768 1845 6199 5421 9062 2443 4468 4631 641 3816 3901 8351
28 138 1691 5185 3735 8063 7992 970 3103 1730 2722 4062 7863 1371 4583 1145 5373 4737 1763 1656 5431 3282 7391 9680 5599 8554 2308 8928 4037
28 5500 523 8851 8547 5005 53 590 7675 7755 6847 2867 2255 9228 3778 6414 2287 9209 6628 2684 2208 2861 2240 9036 2884 1281 8061 5970 2296
28 2849 2830 726 4169 3126 4018 4302 1245 190 2318 3078 7771 3127 4603 5800 2372 2256 5806 3329 5616 8612 3980 6548 1978 9285 1967 1678 6173
28 3060 9692 3937 8503 273 4629 5744 3644 8000 4306 1852 9910 9072 4749 305 6362 6802 2910 7093 1400 8397 3206 7389 7048 6717 8244 4058 5470
28 1641 8152 5908 5553 5244 6255 6551 9762 2937 893 1092 8294 3635 8007 3786 3067 2111 2070 524 1164 6107 1843 9514 3848 4936 9613 6435 8964
28 9111 9031 8026 9933 7890 5705 930 3587 3802 6037 7925 5550 5768 2977 5820 3495 4538 4493 7133 8869 9519 4427 8739 1337 8695 3457 5257 4875
28 2368 9194 9104 3679 6030 6995 4530 308 793 2552 3743 6976 6386 8842 4368 4488 1613 5816 7632 742 8064 9472 1500 8955 5805 6988 3970 4605
28 2823 846 1067 4917 663 3118 5857 2313 3234 4579 4435 5694 9655 8038 3152 5662 381 840 6528 3915 2347 8202 7666 7457 4702 6823 6498 6088
28 1717 3171 34 4311 6922 1165 4828 1127 9425 5879 6069 9575 1988 924 5379 3672 4106 4609 2131 9965 9638 8010 4270 7453 7413 3421 7537 7947
28 8854 4581 9868 4068 8083 294 6500 679 36 7835 9720 1023 6018 5840 7948 234 3301 756 8054 165 921 3002 4979 9524 2094 9398 6404 6865
28 8551 3929 7183 5310 9790 81 956 6274 8004 7462 9482 5169 1695 8345 1553 264 418 4893 9174 9693 6219 7920 3655 8542 7791 8305 5789 3554
28 5798 6001 810 9408 3557 4082 8050 3439 3018 323 8213 9964 9250 6996 4317 802 8972 9717 3261 9783 3097 7145 9536 8802 8736 4695 8589 9768
28 3660 1415 446 8885 4200 5867 4597 3647 4640 5012 2028 7009 6082 5330 4167 5594 2568 2133 4861 2127 707 3861 5575 121 41 9463 7903 9802
28 9168 7205 8927 6493 6177 5949 3722 8442 3745 2132 7816 300 7459 2645 1413 1571 3004 4299 9473 7640 6297 3691 9101 5342 6415 5161 2532 977
28 2870 2163 4878 5898 540 7845 9831 8790 7880 5074 2068 822 3134 6684 2204 3888 4328 7733 7079 6685 1026 1041 8763 754 8803 396 8978 8932
28 5057 4433 4503 6756 3391 2221 4069 4809 8005 6584 5055 6586 5282 9845 5606 7053 2753 834 8233 3976 6095 4744 5358 3995 218 3406 6271 3870
28 602 7337 3579 6961 2841 7158 9223 3480 565 5397 2924 5770 2877 3010 8675 984 3605 7994 6336 6604 1332 7017 3994 1538 8117 4561 4512 9163
28 2995 4830 8657 2693 7798 1025 9537 662 1354 2183 3863 2370 3879 9381 6624 5731 8837 7189 9144 9711 162 3521 3838 235 806 2041 2556 4871
28 9670 3756 8366 6864 4400 9708 91 888 3678 373 8859 7958 567 7321 7882 5505 8773 6045 3714 6349 8173 7204 3542 2812 5110 5918 1150 3808
28 1048 4397 68 3698 4050 8549 9329 7915 8076 468 5314 2153 2314 5450 7953 6380 2224 1645 7964 9386 1703 3676 661 8810 5809 2616 4354 9827
28 1711 9662 1556 667 9268 1257 8368 4487 6163 2595 8499 6354 2520 4986 2845 7757 8614 7823 1684 829 2958 8738 7252 6141 717 9023 5928 6806
28 2636 6347 6664 3172 82 7721 5167 5875 5496 1680 4774 5289 7157 1879 7167 5737 5187 3325 9749 7780 8030 7905 4907 3111 5459 4841 2850 1773
28 8946 3832 7395 4769 3306 7485 4948 7866 3465 1519 7336 8857 832 125 6398 6968 9419 2229 2271 3445 6700 2159 1481 5232 9934 4872 282 1990
28 1577 5583 6699 4436 952 4309 4282 3489 6300 8025 4782 8832 6882 7005 1719 4434 4522 1231 535 5271 786 1646 2437 9069 8637 6358 5375 9643
28 4960 2607 9913 7752 9397 1913 1750 4452 9554 8477 3379 2808 1405 3629 9207 8490 2658 4043 6853 1075 725 4484 7977 9082 6013 9474 4586 2565
28 9888 94 1956 5942 3518 1239 7870 8328 9808 7651 4130 911 2606 8963 9060 9325 9999 2899 7479 7506 6514 2210 2905 6076 8846 3979 4556 5044
28 6190 1896 5938 7516 4249 8937 6990 1420 1081 5749 7352 5442 4402 3568 5786 1456 8310 3885 1806 4663 9245 1989 2612 455 9134 1655 8945 3071
28 5370 8207 1066 3462 5940 8108 675 9107 4545 619 1986 3553 1244 1352 3753 5982 335 1213 1803 5494 767 8344 7139 2964 4688 852 1928 6537
28 1141 5326 910 16 1421 4227 1229 2410 5090 3850 5647 359 7247 5839 2869 7564 5958 7570 3142 3357 6886 6316 3374 1347 1474 5678 8514 537
28 45 2414 8523 6231 9454 3755 4486 9133 8398 6690 6918 2946 2465 8925 7491 9876 449 2200 5038 6314 7255 6116 783 3045 2709 8582 2481 5240
28 8849 5837 9460 5134 2048 7383 4495 6643 1541 8700 2509 3146 9222 680 4637 3662 9021 8119 7333 8767 579 1529 5234 3727 5870 5667 5635 7187
28 4049 7222 9251 4824 3671 5058 320 7541 5159 6824 8215 301 8956 3390 3446 4258 3814 4321 1624 7507 7565 7665 3447 8174 8979 8893 788 5988
28 5634 6982 1196 9685 9636 1515 8933 9583 3715 1693 4857 7267 5611 6176 1856 3920 131 2425 9928 3466 1284 2196 7339 8045 566 7741 1136 6017
28 1472 3181 9131 8829 5460 1969 466 3558 4938 4396 4856 84 6948 9844 585 1122 4496 1973 1058 864 6081 9449 4265 6077 6920 3120 4502 5273
28 5062 9136 5511 8438 7790 6125 1689 7278 9994 1692 4178 2643 7312 5027 693 4934 6403 6110 5139 4285 728 8888 8647 8555 1393 3328 4897 8114
28 2672 6543 2330 6970 8699 1985 6766 2644 6312 4055 7875 9862 609 2632 2151 1832 4164 3378 6839 1510 1355 542 9335 6339 4973 501 1739 6121
28 7277 9445 5846 9522 9806 593 1095 185 6218 2175 7062 868 1436 4343 2970 958 6334 1584 5986 8822 1432 9605 2796 651 9912 6762 5481 1099
28 6261 3265 5952 5537 6407 1462 3703 5580 8553 8627 833 8284 1698 9160 914 4424 5487 1502 2726 4711 5961 4462 6751 7713 1705 3289 6960 8753
28 4071 2550 4543 9470 9039 1631 1373 8897 420 1307 9690 9087 2124 1097 664 2949 2692 9070 6789 5625 4536 5190 1527 9924 8935 2904 5178 7907
28 4322 9248 4751 460 9816 9391 3090 5376 6535 2320 7131 8413 8435 7043 2982 7212 2445 2299 1286 7550 3933 3572 7220 3098 8409 587 2099 4690
28 8598 2996 6610 1139 7442 2236 6566 9439 7392 1602 8655 7071 7560 5367 7258 8882 4125 6649 2164 19 4225 3523 4403 2109 4905 3663 7839 9354
28 9215 9850 854 2195 1961 5210 8375 4356 1895 1083 7950 6238 2900 805 3801 6438 2972 1732 3773 1844 4675 2669 8188 4884 2718 3057 936 9192
28 6440 8724 698 5965 7151 9629 2359 7347 8235 8904 6233 5420 8455 1261 9024 5746 7437 8866 6054 104 6196 8252 4908 1957 2510 3168 7174 6279
28 9151 1387 3575 2736 6283 397 9665 6994 9240 1193 5189 4443 8801 6429 4943 1052 2466 5573 6120 347 4022 6840 8836 1254 7810 2544 870 7886
28 7584 4662 1807 5632 6815 7086 1414 1944 3037 3320 7032 4316 6993 5122 3463 5622 6807 5640 4372 9897 8212 6080 7486 4664 8068 8484 1697 6135
28 9822 9440 5771 8797 1175 4655 1794 9238 4185 4110 525 521 4952 3798 6892 3963 7758 3960 5463 5267 1984 7034 9631 8192 8533 4437 8402 2155
29 2265 6671 9236 9128 8471 1740 3019 9648 5168 4483 2799 9979 9007 2004 4226 254 3927 5399 3244 3566 7749 3053 459 2427 7121 9045 9731 7399 9481
28 2440 2198 9568 9286 9263 6580 7777 9533 6562 1555 3835 7345 8691 1929 32 6742 5485 8702 1710 1201 5623 7263 7490 9020 9143 9991 3381 5561
28 8039 4392 2418 5387 7109 309 7327 6205 2161 7374 5951 1389 4132 1829 3271 3677 8139 8116 6195 8457 6126 7659 7734 3157 3959 2441 8583 2406
28 3491 9038 4507 2396 5520 6242 9955 8718 4025 1971 6357 9412 7785 5219 9959 1535 5394 6946 8016 348 201 8998 6694 6209 1812 5285 7362 3006
28 8346 3503 6890 1835 5999 504 2096 8263 4325 2646 7776 2913 8752 5093 9453 6226 5248 1578 1619 9746 9541 3725 5243 3424 634 2329 1327 6055
28 3922 3704 1330 6889 2013 8992 1542 4734 3777 9889 5440 5998 3819 2817 6175 2315 4094 2270 875 8524 1388 7452 9905 3493 9947 5618 4254 5033
28 8450 8948 7358 3278 6869 8991 9864 7240 4174 1849 452 67 858 6044 5202 7200 64 3408 5636 4606 6108 296 828 3369 9679 9916 8092 3021
28 8595 1424 227 40 9095 3733 489 9745 1064 7038 5856 9529 778 3685 4743 6100 3939 5755 2029 5920 944 7827 821 9342 1266 575 9018 9343
29 9014 1573 9942 9227 2755 5860 7719 6902 5748 9733 7942 3035 9809 6728 7077 2006 635 3820 7064 3788 3189 5339 5019 4510 3014 677 3719 4708 7460
29 681 8372 7984 450 9669 721 2058 9571 5760 5700 1233 7334 8611 3464 1094 2508 1511 3109 5123 148 1078 3023 6289 485 3859 9535 9573 6038 3048
28 6975 8383 5886 8949 3405 8954 6341 3281 8322 2955 4293 1742 8248 1314 7924 4549 6302 6249 3414 4731 5656 3739 8965 4042 9710 4600 9786 1778
28 5266 3581 1348 1670 6150 3036 3881 572 6978 4264 7472 1754 2495 7532 2342 4727 505 4143 2259 1649 1090 9840 3699 1930 7970 103 2985 7471
28 8995 1512 9202 3476 9076 9258 9467 674 7693 4095 3315 6813 2416 9694 3026 8283 2341 5419 4653 495 1324 8359 8772 7683 1227 5280 6639 1864
28 1788 3551 6959 1051 9640 7974 3541 5296 9531 1218 6914 1585 1262 4748 9177 4477 4623 5884 1625 3485 7874 6805 7224 8084 7508 1010 9650 4747
28 7609 6425 502 8906 1644 8421 1521 2450 4193 7024 7484 4021 3314 3695 3983 5268 9169 5989 3621 260 4308 5824 4362 2294 8515 1428 4940 9556
28 9141 2086 6754 7279 2664 5610 7117 1149 6331 4958 8260 2647 7404 2682 6156 7126 9119 716 7433 3029 2002 8951 6273 5615 1765 5092 4540 1185
28 2805 6257 3258 5153 3396 571 682 760 8154 2960 1011 2040 2998 8066 3063 982 2245 2886 4016 9656 8676 6517 7360 5402 2819 3451 9580 8816
28 3636 3198 330 1862 1053 4677 8865 80 7869 9274 4489 6651 3174 4919 9800 2300 9513 7808 7285 2449 7193 1018 2079 9032 7164 6184 6650 9799
29 9191 5645 4797 1818 6620 5448 7286 6703 3299 2274 7815 3273 8604 2724 5504 278 2206 9553 7428 8496 5283 8101 1586 6103 9713 1943 2123 4135 2678
28 4065 626 2855 9797 4607 5945 6816 402 74 5355 2513 4101 115 339 2424 1664 9810 6512 100 9801 9663 4075 1061 6943 3717 166 1991 511
28 2921 9890 551 1860 8282 3412 2154 8577 6162 5277 5035 7466 4284 1962 6208 2251 5627 4541 8199 6064 7669 5518 3483 8363 9642 3522 7593 2783
29 3592 5388 4807 2715 2479 8884 5126 1340 5439 1219 4726 1861 2897 7300 1914 5356 6204 3293 6967 7826 9234 3862 5649 857 8197 8830 6161 3872 3504
29 2758 4107 281 9224 9754 9027 5348 3040 3341 9737 8894 4168 3454 2686 5962 8550 3213 1341 8444 1757 5722 2438 6355 2732 3239 4517 4827 2620 5320
28 3256 9826 8781 4480 421 6280 5228 4672 3156 6666 8253 5000 9490 3034 8475 4839 4438 7231 5750 7825 6645 9305 7967 818 6169 1464 4962 7049
29 2652 4632 1014 961 462 8046 4722 5457 8274 3508 4564 2548 781 1103 7265 6451 8667 4648 7961 4991 1334 9682 2987 4366 4666 9064 3474 6969 4789
28 4466 9887 7251 130 2323 610 883 177 8042 2835 9368 9871 1490 2903 9552 3137 4378 4406 6678 9532 410 506 5709 1714 4412 3345 7697 4625
28 8220 3782 8017 3350 9428 4567 3741 5556 7405 3069 7503 9728 1085 603 6228 5095 4240 6760 6232 7372 3230 3133 5120 7644 7542 1446 5591 2719
29 327 5955 4170 3694 9384 5313 5706 4015 3905 925 5793 9793 8616 7150 9002 4148 9323 5493 4056 9294 9102 4849 2655 7376 2095 240 4461 8819 8194
28 5254 7382 1437 6416 6275 2144 5499 5759 7111 5763 4822 4028 3147 9118 6696 6786 6396 8269 4719 2827 8301 5250 823 6838 1333 9748 561 2661
28 6613 9157 6200 5237 7650 9241 3804 3871 1098 4542 715 1444 1948 6945 5718 3616 101 7181 7225 3600 1534 6254 7019 787 6153 8487 6240 9527
28 5959 9764 8177 479 434 3186 3949 5506 9990 1132 6188 7802 8821 6143 4829 7271 2290 8023 9530 4159 3093 5449 6501 2197 5275 1022 6947 3876
28 2603 5552 5532 477 8820 7607 3348 9675 4457 9254 3797 6454 6646 1873 2032 2034 2945 2702 2473 8825 7904 2476 2553 6248 5813 4954 2431 6596
28 4935 5467 271 1809 4144 408 7464 1302 1797 2802 881 6310 7620 5833 6426 611 2727 4836 4498 8800 1159 1617 4426 1375 251 3197 5002 1627
28 3249 6668 3772 5127 9702 1907 5525 7513 927 2624 5429 4687 3290 5118 5015 5842 6991 6466 1741 5061 2628 9369 2025 5946 7192 5471 9444 8096
28 6638 2795 1751 7698 7161 6211 7375 2744 4044 4158 7536 7387 4100 8115 3646 7184 9297 3602 8291 5034 5165 2102 2856 8685 8994 6637 953 3570
28 2182 8128 7475 2012 8234 220 8831 3830 5406 8483 7761 6707 5661 8686 4862 361 4033 3085 7208 6247 2816 4772 7465 5719 3450 2776 8062 7775
28 9742 8590 1113 8890 1554 7980 704 9272 5274 5183 9973 3825 9497 1176 1905 2015 7514 4645 9509 7083 4982 5715 7619 4369 7396 65 5216 496
29 2038 724 6600 4909 2767 2401 8006 9892 2477 576 8055 7195 4906 9458 6006 6321 1469 7829 1523 1884 6803 3270 712 7128 6832 2703 467 2968 849
28 3423 7511 4951 6463 5298 9096 2439 9485 2541 1007 6989 7423 7443 4546 7692 1382 5642 6725 4187 246 9493 2074 8690 1834 7738 3962 7885 1868
28 389 1752 528 1822 6000 9856 385 3934 6236 6606 6820 2986 1920 6941 4918 669 6726 1654 8156 4429 9357 284 7897 5294 4995 4237 8539 447
28 993 1035 6888 8464 4716 5318 3573 1525 5935 6697 1166 6693 4215 9367 533 6282 8200 4244 2246 8703 8059 1658 186 4608 4479 8891 1559 6730
29 9861 8835 736 2570 6313 4030 6105 7296 8389 9885 8325 3606 334 1952 2730 7102 5531 4010 483 9396 7 6370 5873 6040 4984 990 7801 1503 5269
28 2993 9447 6857 2469 6790 3757 1677 9184 1012 5434 3144 560 223 7740 965 8713 5040 6387 72 9226 5363 6101 7754 9065 7100 9003 7194 3531
28 4760 1425 5917 4442 3 5797 8913 7960 266 7450 4818 2020 249 9185 5727 2757 649 285 7127 3550 3935 8102 6579 5665 3661 3173 9866 6625
29 4052 3496 336 9884 5082 8726 7988 8828 4229 620 6033 6582 5200 5808 2348 4113 211 912 2362 7716 9298 142 9950 8520 7991 1486 3697 3472 3634
28 5604 2517 548 5997 9612 9980 1076 513 3604 1871 2457 1622 8106 133 4813 6846 6106 985 244 9026 7137 6801 6799 1790 6828 9423 9188 1993
29 3709 7639 4944 3682 2747 4304 6616 8022 5312 5100 1104 8943 4002 7001 4128 8223 1567 1858 9534 5458 4491 5145 5558 3752 8343 1975 7029 6564 2504
29 8141 8090 5245 9304 3367 9678 4093 6359 9044 431 7955 4374 5347 2577 382 2237 9292 8336 8259 1748 8930 988 2160 714 7411 9320 3664 2213 2630
29 8172 9360 7115 2876 7742 6123 606 9936 9848 9854 8689 9110 4212 109 5048 5114 6530 2663 3880 8817 7170 1663 4121 1869 8219 8165 937 6955 1793
28 2098 1595 8492 3987 1124 8615 7952 6437 1821 4031 1668 8296 5332 863 7831 4112 1376 8082 7783 2458 3874 2875 9348 8606 9208 4947 2349 7063
28 9211 6578 665 3264 4126 1236 2918 1368 5862 4363 7305 5404 4430 4713 2671 7385 6861 9981 4763 7325 6118 29 9004 978 1509 7553 1106 5690
28 3190 2091 2332 7648 8204 3318 4313 2331 4247 3565 4941 123 1144 6291 7844 8373 6353 4865 1291 3428 2180 9722 349 5819 7746 624 8387 3642
28 4189 8364 6640 2169 5598 2801 5916 4134 5769 4272 4990 4456 4985 3806 2220 5971 2292 812 2344 3690 2366 9379 8323 1728 2170 6028 7424 3375
28 7828 7720 6093 1756 6113 5542 7065 4953 3887 4334 9812 8976 6612 9411 99 388 6905 5385 6775 5641 867 7954 3022 8648 1287 5593 9358 8887
29 207 1925 8166 4217 9120 6005 2569 3297 4145 9818 8153 2857 6719 5265 7493 8031 2740 8847 4202 2639 3768 7182 6771 4733 6366 7090 5317 265 4539
28 7822 1247 288 4006 3291 8966 8834 435 8642 3545 8862 76 683 568 2077 2475 6180 5001 7023 179 6004 6855 2784 9978 6490 2881 4956 124
28 7782 2351 8513 5696 5658 171 8924 0 4630 7097 1435 6098 9278 3382 7725 9312 5199 1336 7003 7710 6131 3294 8308 2927 2514 9293 3956 202
29 9832 7642 457 3951 6073 2519 4673 8741 3500 4929 5304 8558 2833 1294 9877 2979 1117 9709 7262 1335 4558 2363 6239 2376 2533 6495 3072 4526 2611
28 1566 3075 6729 598 229 6520 8381 93 5739 5568 2097 5327 6213 2944 9935 3978 9683 6039 3973 6346 890 8408 2883 4297 8516 1079 5551 4977
28 1826 1030 416 3659 4186 1923 9356 8478 6550 2892 5514 3298 9309 729 5752 492 955 4070 4604 3789 433 1155 2824 1951 6327 321 9847 1177
28 8315 8468 9951 5128 4976 3346 964 8506 5146 7415 6705 1880 7340 3893 1494 3674 9560 1781 4868 4686 8809 5992 8179 889 3993 4998 7805 3107
29 3155 3169 7529 8625 9817 9761 2468 7054 2027 5838 1694 7811 2705 1544 539 7199 3129 1906 2227 1087 4233 3864 8388 4741 1800 3355 7852 4339 6164
28 9988 5336 5077 2042 2051 1681 5166 8239 1167 5975 1096 7706 8145 3543 9008 998 1886 9426 5733 4806 1949 5753 6899 8032 843 7319 7841 2494
28 2734 6956 3533 3383 5534 5896 5682 2771 2917 7703 4833 353 5852 3730 5230 2185 2130 4557 7040 508 2543 4024 5792 814 7770 378 7934 5392
29 3236 839 5794 3064 7232 4933 6731 9456 8518 4500 391 9839 4266 394 643 7853 8276 302 9706 5179 4216 4173 6139 9667 2093 7951 120 7270 8392
28 1965 8504 498 9785 4834 8526 4298 9393 8476 1872 1647 9092 2017 989 4855 3287 2309 3419 7357 2871 315 2588 4505 856 9517 7089 5050 8805
28 2586 8961 2000 1700 4152 7668 5637 9880 5861 5687 7284 6954 3435 2811 9923 8990 2564 8587 7495 4863 4234 2317 9819 4407 1939 4518 6235 8314
28 5455 5147 4754 8356 3950 8162 4252 1342 1767 6256 5329 4565 8512 6457 1636 9214 8758 6526 2272 1296 136 3070 1005 737 439 4683 4585 7911
28 7901 7918 1909 2573 6504 1994 7526 3821 4931 1074 3494 1747 8482 8883 1830 7909 4610 2690 4086 1379 28 4968 2566 4038 4337 4762 1211 711
28 9581 816 2069 6234 8445 4817 6710 174 980 3254 1837 1002 1320 3981 1968 169 8242 583 6058 4405 9271 7454 6986 5521 7788 9927 2814 2623
28 5588 1143 5209 7982 2860 7723 5201 4642 9327 7419 5533 1524 799 5720 5477 6565 1537 4534 6900 5469 1475 8485 1583 9582 5231 9438 1851 9255
28 9145 862 8143 2252 5680 7381 3205 3430 6296 5059 4153 9057 1796 7973 1171 7515 4232 8133 1743 6987 6144 4000 1857 4490 5559 340 1350 233
28 666 7343 6623 9984 338 4694 2637 6738 8262 7812 2590 5699 5869 4578 4761 1221 1225 7563 4359 4464 8181 5172 4036 6499 7544 4735 371 4594
28 6603 4338 5564 1275 2186 7430 8727 8463 9149 7135 9970 6224 3795 3807 512 733 386 1910 8138 6383 9275 8126 9620 7094 5907 6397 3633 2791
28 3153 6597 4660 6117 3954 7715 9803 2908 4017 1792 7209 3392 5395 6811 1838 6048 7912 440 9875 3900 4041 9859 8940 9277 2275 9452 966 9558
28 9738 2648 9200 5461 1890 7621 8958 1258 1603 51 1493 933 2080 8334 557 7238 112 1195 8186 2192 2688 7736 3712 1374 9353 8682 3868 9969
28 6056 9925 8983 26 2965 1293 3272 7561 8528 3388 5601 2502 1650 4098 1461 6545 9066 6724 9480 913 458 6679 2978 7868 20 5734 5513 7348
28 6599 3902 9166 7309 9079 979 5224 6395 5878 7580 878 9332 9906 4294 3894 3211 9098 6940 1941 6777 8340 7140 3498 2063 5536 8024 1522 9204
29 6042 90 8977 7481 1758 73 7349 8649 7468 7784 6856 1867 2699 2589 7557 7556 7155 3790 2662 5891 7497 2190 8929 5538 9576 6901 5543 2249 7272
28 3883 1359 1021 8733 2906 4250 35 4566 5253 789 3637 1799 7429 909 9902 5299 1050 1640 5572 4142 469 9108 4790 6713 1119 6798 6157 9510
29 9488 6683 7611 7020 9033 7180 4323 5784 1777 5523 332 6862 3975 3923 922 48 5026 2407 801 967 3787 1982 9657 8818 8749 2105 1255 8360 4184
29 1574 159 8073 2305 1178 8072 8176 9078 2039 5133 5509 8505 4428 6665 8761 4902 9525 8626 4894 6896 7057 6477 1311 1685 4571 2448 145 4707 900
28 2635 306 1893 8400 9735 9625 7087 3151 9186 1610 5238 384 2262 3771 947 8129 8720 5773 4451 454 8091 4569 7998 1181 860 1801 1484 4821
28 5262 8568 5197 3260 4529 4718 941 4454 5369 6015 6225 9703 5417 58 4332 3250 8707 5495 3252 8704 5892 9972 7714 6761 9698 4699 5418 6413
29 1408 3076 9336 1205 2350 2352 2018 1904 252 3784 3813 3431 2539 5874 1458 2225 8534 2792 7350 6381 6913 7594 9063 3706 1626 9099 2915 6142 2367
28 6507 6791 314 747 7084 2036 4307 2687 7202 1259 5592 6674 4992 7290 9547 86 52 5357 6127 4269 4709 1208 4463 6782 6784 9765 3062 2217
29 2711 1364 191 5377 5207 6912 2609 4478 1549 1301 886 54 7941 2463 1482 917 4129 299 2521 1426 9578 7657 9539 6335 4367 7478 8374 2957 7722
28 2600 5383 8399 7335 9175 2358 1093 9599 2435 2001 3105 7039 2148 412 844 95 2821 9551 5927 6333 364 7892 6981 9170 8218 7002 8412 9941
29 7324 3991 4808 5349 5226 8266 8756 6409 9006 9634 3892 4869 8536 3812 866 6998 4693 8333 9528 9316 8452 6109 1086 7505 6745 6012 8070 2530 5707
29 3117 3452 6819 9804 6516 785 4903 5353 3427 9658 8330 5963 6763 7025 1504 6644 8029 3088 6505 9125 4626 6066 6541 7052 4877 9030 4353 4635 3748
29 6885 6227 9417 7331 8053 1217 2258 9898 943 8593 9545 1214 3849 3377 9595 2387 9469 5389 9867 8525 7971 4445 543 8556 1815 9894 8585 946 1637
28 5876 9561 3899 5895 5574 9874 8564 8920 9415 4289 1431 8623 6510 8446 1170 9588 1383 3552 7628 5977 5871 1859 6702 5996 6506 7843 2456 7641
29 3216 1312 5740 9052 5713 1276 319 8249 9949 7670 5175 7525 4410 1029 8787 5546 7081 5236 7732 4899 9333 9652 2434 3527 4228 2501 3024 1946 2659
28 6781 7855 2785 4091 1560 8701 7488 6128 4874 230 8318 7873 9618 6484 5067 4815 4555 3327 8671 5111 1528 6592 607 5660 9900 4590 7850 5644
28 6950 1125 9756 9559 873 795 5435 3243 7597 5119 4732 4136 510 8185 4199 6743 5076 5056 248 6555 1605 9259 1318 7595 7518 6074 3826 98
28 3590 2496 5865 6936 7295 4005 2920 3486 9725 3304 3166 5501 6585 387 3828 9355 7836 5651 6957 3052 727 423 2374 3352 652 2737 8548 4978
28 9351 4469 5608 3316 7986 4408 2375 6361 8848 6523 718 2826 1459 1418 1662 4139 6384 9596 8171 2974 5620 723 6909 4287 2523 2444 7854 8696
29 4398 3505 7014 2037 2168 2279 173 1888 4831 9363 4728 9677 5162 3393 2010 2125 6714 8034 9266 7398 6034 7451 5011 25 4196 3779 2291 6390 4915
29 9284 612 6046 2963 3323 515 4514 2337 1121 7268 199 5106 8989 1046 270 6119 3043 7410 992 8705 1755 9550 5140 3438 5864 2572 3101 9330 9154
28 2378 7186 182 4802 7985 3347 6411 975 3100 6567 5906 9908 2389 345 1853 758 9103 1702 7573 8380 9684 6420 5445 9766 5725 7856 1875 7134
29 934 4260 3534 1410 7575 7728 8093 9461 685 5976 4140 1589 3488 1847 4598 7033 9047 9046 3615 4846 6641 9210 50 983 6201 8164 4592 6680 5638
29 156 4801 1468 5345 2293 4009 2167 7944 2797 8182 3794 4720 3356 8371 6399 6706 7499 8519 2700 9846 4928 6243 6848 2340 7517 2779 3074 6952 819
28 3187 9960 7494 7689 9385 3455 3836 8737 6854 8974 2629 5292 9068 861 210 214 9276 9405 9597 8048 9206 5922 5657 1580 9705 8916 6542 7341
28 8546 4057 5914 1499 2535 2166 393 9622 3195 3675 4684 7531 1935 6024 6544 4351 5730 650 9730 1970 9341 2934 4336 8823 4271 7156 2895 1397
29 295 3179 7173 6474 2395 3332 2770 8001 437 2511 1683 38 1618 3011 7298 7044 3073 8217 8491 4886 2277 3593 7498 4850 3930 6972 2306 3540 9770
29 3831 9594 4166 5113 7323 4573 8293 6244 6436 3532 2078 636 9233 8436 4471 9617 4843 2174 9911 4330 4939 8209 4176 1686 7705 5430 1295 1399 8909
28 3875 377 7235 4099 7116 4314 3917 7369 4004 4736 7473 8815 2033 2413 604 6350 9295 8684 4837 4972 7444 1827 9813 1576 9563 3840 9403 7936
28 5371 8184 4390 8919 1152 2126 8417 8572 2489 6160 7610 6318 6434 8661 8814 8422 9197 4482 5498 9901 3749 8411 8243 1209 480 3083 2634 9982
29 2922 1833 3128 6871 5456 5726 132 939 2574 8993 2654 3286 4696 6735 9334 713 3641 6315 5655 1733 562 8467 963 3135 1378 5466 287 2215 3517
28 9282 3628 7496 5669 1608 3851 7605 6764 987 5142 8369 7059 5108 2534 1063 4080 7676 1216 2650 6529 6031 6467 3910 4531 7050 8011 4881 7215
28 2139 280 5973 3781 1776 167 5433 5315 4885 2558 8889 6449 6352 7623 2939 4340 3971 6343 4911 5087 9938 3990 2336 4105 8559 2516 9697 7540
28 8424 1831 7439 1100 5968 5783 6427 9310 550 9919 4544 8931 1280 8137 4365 1606 8210 2492 9085 1230 155 5221 4326 6251 6181 7938 5779 6301
29 1386 275 8027 7351 4697 1042 4975 6419 1620 363 5192 2188 9739 8142 4669 1536 263 6326 8271 5099 9265 8075 6602 6260 5985 9778 637 9015 2480
28 3016 2146 1734 5815 1600 6753 6007 5396 5401 8493 168 9689 6378 3065 3477 4845 6758 5150 4399 7067 7434 2089 4319 4320 6447 5948 3038 8465
29 493 6152 1491 69 5148 1283 8012 5850 8349 111 6531 4657 8824 1102 1452 6072 6930 7248 3371 1850 1569 3689 1328 7228 2626 9863 24 6830 6511
29 7080 2191 3361 8566 4966 7147 7022 9406 7163 1242 6138 5124 3686 1936 4213 4614 1495 4261 4499 7685 8361 8229 9167 6769 5527 3092 7965 6647 1921
28 9413 6488 5721 350 9123 9462 7239 8873 1253 6872 7328 3453 9434 580 9390 2187 6104 9487 8331 3395 1438 8474 9198 9953 8712 2008 9841 7534
28 4759 1060 4481 8833 2201 5883 1009 9437 9798 2243 4504 7377 7072 4160 2464 6134 2697 2488 8674 8473 7198 9649 8633 6534 9579 8941 5042 5065
28 8044 9213 1805 2472 1737 6844 703 2748 2266 8638 4679 5983 4892 8938 3609 6448 3961 904 2839 6691 6608 3538 5184 6022 192 9723 824 7260
29 3387 1539 9591 3560 7579 4165 2057 1151 6470 7078 2083 3548 8591 406 3175 5775 4800 9671 7314 279 7535 2356 11 1017 9034 6654 3404 362 531
28 4852 6897 8952 2140 3845 6985 5670 9362 5510 9376 2100 5488 225 8149 5804 3886 9674 5186 3945 3077 1234 5328 2729 6324 5633 556 1345 1596
28 1753 6687 2557 7230 3898 949 164 3520 5757 1676 1899 798 954 376 3180 5648 3805 7103 9195 4508 7085 7567 632 9878 4820 4552 2493 5674
29 7318 1377 4122 8778 8936 7679 3033 1440 5105 9870 392 4019 9750 2014 5152 7893 9794 5174 9156 9429 935 3497 520 3084 2214 6052 4643 3159 6576
28 8033 5524 1365 7929 5668 5436 9504 9795 926 5704 7243 8755 5579 2973 245 7778 1848 1623 8230 1992 1814 2503 8393 3208 253 7246 5897 1298
28 4616 5595 7581 8872 8765 5671 1770 3182 1759 871 8067 2887 8352 8886 1667 5565 5295 6689 8459 1356 9132 8449 7799 3800 1798 1615 5365 5486
28 7643 7047 5195 5247 6410 4181 7691 9172 3185 3340 6185 8008 7056 2657 7310 9757 7622 9624 8563 9199 2222 4242 1633 4927 621 5054 8240 1651
28 4764 5613 6595 7969 3696 7773 6658 2531 3544 1248 9526 545 5441 8020 8140 2872 3418 588 4842 46 2932 7293 5932 2751 7730 7223 1533 7774
29 7633 6770 3027 1976 7543 6657 8494 209 8812 1370 790 7082 6849 6187 1401 7075 9483 5205 6417 8419 5094 2461 4651 2953 3938 2088 8105 3403 7652
29 6428 1817 6062 6635 4777 1795 784 2591 4251 204 991 2325 4379 6174 4776 5378 6621 2447 9626 1043 3809 6825 8326 4999 8522 3760 2467 8683 1635
28 4141 3025 1285 429 8193 5051 6826 6747 6230 5070 3506 9821 5913 6915 9256 8597 633 8461 8429 3337 7571 7254 7902 1479 8002 9774 4866 8395
29 660 1271 89 6925 5308 6868 2298 6215 670 4997 3280 3407 8659 4425 5994 6895 4955 5688 2988 5335 4154 4810 6560 8203 2537 3148 8151 5227 470
28 2822 6021 2442 8624 1210 6794 43 2536 2525 2280 3986 8350 4599 9010 3723 4207 2653 7813 8537 4853 3965 8136 1183 4108 7521 8918 3106 7559
29 5465 8472 8971 2228 4123 6966 2838 5390 4521 4559 1526 642 3124 430 2882 1736 803 6443 4357 2742 1922 9486 3066 3459 415 1288 1184 283 4659
28 2717 3240 188 3598 1558 9773 216 311 8680 7876 4281 7076 5905 6114 3944 4277 7159 4310 7578 6736 2787 6903 1900 3687 6533 2902 7294 7756
29 6197 4949 1040 9732 4926 919 1996 1194 902 2071 83 2935 2408 4382 4371 8362 3599 8757 4389 4879 6373 2471 4209 4783 7289 7858 2268 5717 411
28 4661 9538 6461 3903 5826 7177 2106 3170 2403 9126 8668 2943 3131 8775 6836 9673 3535 5393 1823 6549 3624 9306 9661 2261 891 6266 8132 8009
28 4467 1660 9820 3312 5483 7769 8711 7110 9324 597 4431 8967 2316 6272 6670 9852 7438 6739 8303 7797 9715 1628 7440 4020 2712 5507 2585 1508
29 5046 3492 8434 5881 3295 4084 6746 9407 6212 1810 4241 1000 8734 6388 1892 1598 7803 180 5708 4770 2035 118 4324 6659 4061 6532 2273 9410 7162
29 6808 3288 3833 2512 2135 6379 5079 4315 6328 734 2030 2178 2066 3317 2704 8355 8221 7932 2173 2997 154 8557 614 9181 2269 8660 7435 8443 2497
29 4804 8183 554 6928 1059 304 1674 2774 383 4527 4040 5036 7554 2790 4011 7587 1876 887 2118 342 9319 9744 1966 2282 1518 5747 6821 4235 6632
29 9543 8730 7695 5115 6445 5416 8281 3528 1411 2707 2909 3191 2276 8384 8341 9122 7898 5614 6939 2596 4668 8748 2529 3478 3614 47 1027 6061 9932
29 9435 2713 328 4458 6910 9719 4858 8488 4444 6097 532 9051 8332 4420 1517 8759 56 1950 599 807 3597 4620 1297 5158 8247 5548 578 9838 3143
29 7851 5130 3656 9352 5151 6322 1854 1433 2303 9548 3194 1003 3705 2165 475 1496 6953 8804 6307 9142 1987 1455 4485 6317 105 7930 2031 4685 6441
29 4172 3860 7397 1148 3524 3680 3731 5170 4880 9178 360 7213 5259 231 9729 1840 7236 1450 8608 3217 3966 9399 6661 2926 1762 4380 7764 1665 8385
29 5354 4989 8592 2003 9484 6027 4137 743 3215 9093 3546 4515 6115 6829 1885 1894 14 4946 759 1940 1008 139 7933 3163 6577 7166 2143 3857 1363
28 3353 9814 6245 9459 8613 7436 6622 3854 5302 5822 5068 648 292 2354 1963 8732 4656 6050 1903 8 4932 8287 1718 2990 7106 1369 3580 8629
29 9049 688 2890 1983 6382 3050 4887 1004 9495 5425 7037 4375 2121 9824 2837 8860 3895 762 5043 7634 3617 7250 4848 2285 2393 4811 3985 3059 7577
29 9371 9288 8415 5129 8540 5020 8178 9380 9314 3774 546 3434 7877 7549 7702 7779 5447 4453 8997 9807 2831 770 876 5629 7152 6311 3349 4923 5208
28 1813 7606 9075 7219 653 4104 7800 107 2207 6860 8258 7122 2044 6182 1552 9598 2419 1581 4618 3475 6831 9603 10 8777 516 9505 6149 3386
29 4611 8394 5136 3005 3907 2701 1203 1998 2680 9308 3362 9983 1128 3585 5767 9823 7218 5131 9896 3012 4528 8428 5225 4008 2054 4352 2594 1235 4171
28 2851 804 6214 7421 3410 8439 7572 6057 5887 2947 7091 1709 8035 9455 8621 6075 4051 3046 3263 2023 4920 2421 6619 2618 5569 448 3769 6835
29 6933 7132 2793 2933 4034 9937 971 3858 739 6472 5311 6999 6367 3321 8109 7069 1047 1073 3089 488 9114 8531 9450 4959 581 7731 7371 518 1911
29 7662 9498 2813 4717 6237 289 2622 8264 1326 8794 7753 3846 4092 5993 1530 6698 8960 5422 4742 9005 7599 3307 5085 5337 3940 7214 1313 9882 9478
29 820 2381 4794 6168 60 158 6221 4524 2281 1980 1309 7766 3121 7792 895 4072 3574 5252 1720 3255 3140 2621 699 6907 6136 5729 9100 6942 4576
29 7735 3665 8080 2384 7367 768 6676 2433 194 5382 1228 2184 5080 4045 9091 2060 7750 4704 6083 9516 7547 5933 2619 7354 5386 5787 9152 1690 4916
29 5260 5160 687 8052 2815 3292 5619 6652 7680 5121 8245 6814 5894 3269 8348 4756 4570 5554 9239 2172 7303 5025 5300 9557 2505 4680 4714 5836 3952
29 7320 7545 5555 6363 3702 4587 2429 5138 3803 2843 3229 8047 8507 710 8650 8095 9734 1789 7635 1084 4198 2575 8169 7524 9112 1634 8317 8180 8694
28 7136 8607 7569 4870 3953 2746 5522 1917 8914 1120 3336 1889 4823 3415 8915 3692 5790 8425 5060 3666 5893 6391 9608 9523 9805 6673 2781 9837
29 1579 3720 7015 8717 8530 4286 9825 6036 2194 2788 8602 9247 2076 259 2759 5540 1977 6712 5931 7646 1775 242 6583 6293 1396 1071 6189 5681 6065
29 3145 3775 2604 3866 9974 4553 2868 6744 4799 3865 1643 7928 8605 7104 7058 2527 7673 5331 608 7051 5762 7895 5039 3729 2731 8731 3279 2804 5211
29 4077 7216 6992 9042 6102 375 1138 9235 5223 6572 59 4988 8721 6471 8124 6594 5037 8155 5841 7956 1513 1570 8160 5408 2211 3311 5372 3918 75
28 8103 3384 8125 9891 1267 5654 6779 5596 4190 8206 4921 8437 3246 7962 8560 4280 494 1156 9162 6571 5203 1953 1841 1470 6360 2487 5953 8670
29 962 7297 7402 8745 1429 605 9909 4089 7483 7330 6893 1915 3360 5664 7146 5827 5242 478 2045 1180 1722 757 8451 4150 7923 2848 4422 5204 2254
29 8097 9740 9695 2 1597 2394 1865 7768 200 1317 1349 9664 6206 1642 3028 5443 9409 1240 3718 5288 3969 8071 4912 3996 2721 8376 4793 7066 6804
28 3233 2803 9506 4046 7625 5229 1592 2238 9853 7455 8147 3058 1034 5600 4723 1070 1391 2047 9726 657 945 6047 1912 7602 730 3652 2786 7021
29 152 405 1779 5171 837 6554 1243 2613 3654 1039 6171 310 7589 2500 5716 9681 775 8158 7975 9337 4206 5544 9205 1546 399 1316 3958 7608 7688
29 7674 9718 656 4957 2966 4053 3114 9975 356 1360 9012 8769 3926 918 8796 4373 514 1224 1955 5164 3658 7562 8716 5017 5173 2834 8236 1268 2338
29 3968 9791 6935 3373 2085 8681 1344 8251 409 7190 6574 8335 2878 1406 3889 7013 2695 9776 370 5697 6605 4563 7658 5101 6408 5937 3645 503 9418
29 4115 3235 5476 1278 2752 1588 1131 3997 7316 3086 9067 686 228 1467 2615 1439 3409 461 5246 4670 6165 9225 7480 9291 7281 796 8784 2134 5723
28 6198 1466 9957 4318 9073 8910 2295 9315 6919 9339 4204 1564 1960 1483 3220 5956 9140 3193 8984 8692 7945 3673 3688 5812 6308 8225 8768 2681
29 7883 6720 417 6459 4195 9322 9242 7872 9986 1897 2286 8214 5791 6780 7588 9712 1057 3113 7879 5853 3999 9775 3165 932 9633 8895 6633 1653 9700
29 3516 811 5545 8324 2914 791 6866 1299 8441 4432 1256 7935 9651 6721 8254 3470 3928 481 4595 3000 5902 298 5624 2250 9759 6573 1916 8167 4188
28 5835 5673 3119 9787 817 3623 4942 1222 3192 4588 8466 4882 1044 1621 3108 5479 297 5340 9511 176 1902 3469 9301 9124 7386 4197 4516 3436
28 4753 2583 1924 3914 2353 4983 1487 3556 8876 8150 8760 7108 5497 7288 559 6539 3890 3125 3822 8208 2733 1162 4155 7647 1881 2119 6974 697
29 395 4236 5069 7244 9129 7603 908 9055 4724 6515 3330 6460 6368 777 7130 6453 2110 4035 772 3178 3413 1232 195 2046 1543 2067 4345 8898 9784
29 1587 9443 8903 1614 3009 2024 8201 5303 2310 6277 203 4127 9466 9414 4448 8942 2216 8396 646 7582 5858 7274 6465 809 8043 3734 7837 6217 9958
29 8709 6796 2263 2304 1241 7185 7598 5512 7629 8988 1708 7983 3284 3502 5426 7795 222 3824 2112 3397 5364 9377 8902 1594 749 2999 7474 3529 3116
28 2234 4634 1768 7922 3268 2049 4096 3001 4745 8486 5659 5584 5405 6010 1498 4414 6146 247 8379 3792 7530 9691 8433 8747 547 9071 1001 419
29 6430 8299 5503 7979 422 3275 2642 9395 1725 8123 4201 9952 5890 2984 1358 6166 2593 3253 2602 6525 4013 9374 8088 2667 1361 8501 6269 277 722
29 719 7613 4259 6655 6374 215 7406 3625 3711 3648 8617 1182 8337 2576 7431 7307 3837 4752 2941 3967 4007 4283 9903 3842 6867 2345 6722 764 2994
29 601 7030 8286 2399 9190 9915 8746 3619 4589 6630 9375 5279 5137 5817 831 1416 9630 4118 6964 122 8069 885 9602 6631 4138 940 5844 6810 2149
29 3873 4474 1816 7552 1197 3536 163 3669 1485 9499 4292 2052 8861 1321 1308 6540 9264 6877 5980 8098 6923 3309 5155 2405 7807 6068 5489 8268 6216
29 445 2090 7031 3519 9416 6348 4076 4621 1707 4577 9771 7824 5018 3094 6716 9252 6851 5825 6792 6469 7446 9479 6858 8672 6002 5849 8290 6587 6202
28 5832 474 3701 1442 6718 6292 8410 4692 87 6385 9500 1292 5854 2761 3514 2324 8599 5567 2128 7624 2641 5663 8427 1878 7711 5685 9161 7899
29 2584 3562 8386 487 6973 1260 3242 6286 4348 5293 5474 3670 564 5306 8135 3343 3204 9567 9701 6132 2486 293 7461 692 5344 7817 6842 4364 6051
29 1769 773 2954 2459 6563 3411 3443 5323 5053 110 5413 7400 9179 8094 6591 5652 2364 4054 8643 7241 401 5141 4624 5091 3588 1115 6029 7178 8618
29 3511 3482 3501 7744 8237 208 2673 4273 6473 6329 8358 6672 529 3136 5132 7171 5643 324 490 6788 4333 9048 6455 1277 4459 3796 2371 4097 4964
29 8057 5097 3972 3919 4715 2768 5912 150 4575 4641 7847 1168 5803 5782 4633 4230 6170 1346 355 5103 9105 8806 7055 5359 573 7261 6094 9296 7887
29 9155 553 1140 5116 4784 555 2782 8620 689 5407 7727 872 4667 189 5581 318 7546 1 2754 7070 6937 8881 3977 5686 7154 127 5960 2809 4275
29 3611 7704 8565 8049 3164 7203 8285 4395 6547 290 2725 584 5438 782 2114 1866 3639 8321 8300 4778 6401 4537 1031 2896 9865 497 2789 9555 4678
29 42 3247 1746 6258 9836 5066 5796 6522 2142 5045 9917 6773 5847 673 6483 4676 2312 2806 7684 2898 3736 160 6917 2072 9253 6305 2059 1367 6588
28 8267 2335 928 3762 1220 3238 4703 7356 7045 5508 7767 4582 1489 9 4312 2888 4740 4404 1006 6894 3032 5088 8742 1237 9542 8228 836 7820
29 1959 8453 4701 2482 3331 4192 7361 6393 2846 615 3484 7432 7846 7663 7035 3102 3319 8571 6394 4781 5004 4342 5981 5009 2422 205 2400 6561 4331
29 9106 3827 2152 5472 1964 9907 5693 7441 1836 2176 5530 1825 7838 8390 5075 9232 9507 8319 9465 3245 8735 6158 3154 894 9788 1385 7997 6843 4901
29 8407 8432 1407 2640 8751 5307 1238 5163 5570 2009 1724 9187 3368 8864 1142 1887 6850 8480 1265 9985 1561 6642 6774 88 8110 9422 7772 9607 9741
28 6096 8085 534 5031 3582 5251 4278 1784 4385 5821 413 8562 2685 2235 3942 5270 2108 354 3433 9269 4073 146 5776 3998 6059 7900 4775 5987
29 187 9340 7574 1192 8950 2555 7259 6112 4117 1304 9056 7672 5428 4090 3096 9616 6078 5287 2319 6087 7160 5684 7301 1112 2257 6377 8771 655 5738
29 2209 5535 4994 6475 1398 2137 3091 6295 1839 8040 7522 2116 71 4218 6433 9400 7500 3432 8827 1101 9834 9468 1974 2328 2311 5650 3467 825 5823
29 4904 1942 4773 3855 4910 8250 8754 7393 7046 7291 1158 8347 5830 9464 9796 8982 4780 5617 9083 3365 5264 1501 7101 6431 7280 4224 4268 4111 6014
29 1179 1204 4766 6482 8261 3266 5901 9585 5176 4864 3364 1630 2720 9792 2981 4335 8028 5272 6863 9521 1077 8163 2865 1454 2567 3226 119 212 4329
29 9189 9727 49 9811 1448 8462 745 7927 4446 5023 4064 3982 709 877 6418 9668 6977 5810 9345 1901 7548 206 7987 2065 1981 3668 2075 6133 7690
29 7148 4303 8870 4239 7707 1855 1133 9477 8911 7105 7409 9029 4658 7118 7114 9666 7700 2411 4787 1582 4253 8382 5217 9572 2844 4895 1638 4419 2103
29 7914 4922 8934 8875 9621 8766 792 5218 8645 5071 3791 7355 5411 5909 1453 8051 7206 8041 268 8161 2081 1699 880 2360 7477 7677 1270 3829 582
29 3042 2698 5941 3339 3763 684 147 4550 8458 6715 4460 1723 8844 7308 1507 6439 8370 303 7141 8403 9926 1687 8632 640 5549 2959 2969 6480 4131
29 701 1191 8710 8120 2253 4636 3847 4969 5084 7304 8677 258 7989 6508 9763 9344 2631 9587 4475 774 8580 6122 1110 6911 7551 9001 4890 9724 973
29 9392 7794 5334 6155 9967 1441 7538 4048 1609 3212 5547 4401 5689 7809 9299 8688 7221 8313 8056 6949 7819 2579 2392 8112 3649 617 2829 3285 5666
29 5014 3104 9635 6092 9382 238 456 2738 6793 8289 8131 6183 5766 9135 8901 2326 5539 325 8107 463 2361 7266 267 8811 2976 8077 6442 2901 2518
29 1999 8246 6265 3099 6351 706 8798 9182 425 1883 8391 9502 5834 1870 3054 6365 6521 1403 2453 6875 3017 6194 8962 4681 8567 5276 8298 2952 4347
29 9058 929 7787 6402 1024 5086 813 8365 3882 4900 9562 6590 7596 3584 7112 5214 5924 8196 3007 8795 5788 4755 9364 7523 5391 8658 3589 2016 6614
29 175 625 2874 874 4455 629 232 3079 8581 974 4665 9127 2397 2092 8279 5943 7626 9998 2460 8086 1157 317 5305 5677 8708 3041 5780 7806 85
29 6570 5703 9366 7636 1049 4156 8500 250 2470 465 5322 3055 5290 6298 4779 9430 9011 2327 1652 847 2073 7092 9879 8510 6688 2749 1550 5877 7502
29 654 5557 1704 2971 9520 5990 7061 9350 8036 9436 1082 7000 4147 6908 8329 5646 2798 884 3222 7095 7420 8521 3577 4705 2691 4580 451 869 8636
29 6845 766 544 170 1390 3267 5863 484 7993 4638 1215 9218 2859 8015 6450 3657 8764 1013 5212 7283 6568 1072 7445 7520 9962 2828 2807 9860 5517
29 3448 4574 256 4535 779 8663 7910 7840 9338 1118 1189 7906 2780 1147 1774 3853 618 1780 9920 5929 7686 5872 18 8535 6709 453 368 8216 3818
29 3183 8404 4060 8431 3417 589 33 2794 9781 8588 594 2050 907 7682 1353 7888 8843 6487 9676 9566 9639 9610 7512 5560 6356 8880 5432 9995 4300
28 3123 8447 8297 7026 9515 4639 7878 8256 3912 4792 2547 7645 4547 4180 4157 3458 8401 398 3539 8312 3924 9849 6478 6011 6783 9987 5029 6405
29 1134 9446 2554 5112 2141 4739 2346 8111 7592 5900 7614 2062 8899 1056 2683 6462 2889 2379 1190 272 129 9013 2597 8788 77 1820 8037 7165 960
29 7833 8653 7329 896 6556 4788 8609 5639 3158 8603 3228 6997 4179 1223 5104 6607 4059 2333 9611 6285 9843 8342 5765 149 3354 2716 3202 1791 6090
29 558 9243 7011 3932 9273 8418 9961 3420 2542 1207 9815 5083 1933 6192 6772 3437 8087 3884 9922 2490 8656 4859 7501 1877 509 1601 3218 3080 1766
29 2772 9688 8134 5516 6278 62 1160 2853 4889 3398 3402 2610 7701 2893 9716 5758 3799 4103 7510 9432 658 8275 1731 5702 616 6303 696 6656 7326
29 570 1038 7694 2940 5612 1016 9147 7467 2728 5235 3313 6252 5281 6809 3061 9421 8497 4085 326 9944 5745 3561 9569 3426 7119 5711 1105 9918 2084
29 4114 7179 6765 9130 2212 7176 851 2950 8469 4888 2928 741 6178 4601 2171 1068 2219 9471 3056 3549 4854 269 9061 4039 6222 4532 7729 3530 2894
29 6423 5325 8654 276 2506 5724 8594 4377 9059 6675 6800 2651 3310 4511 6375 8780 6492 5003 9779 3761 5414 7818 8922 2302 8058 6929 6755 5930 8799
28 8544 3210 5903 7864 4622 7144 8957 5424 7748 7745 5366 9857 4612 2675 8338 369 3740 2113 3776 9088 3115 217 1811 2885 4291 8959 7654 7917
29 4119 4494 1339 7458 2930 5478 7201 6389 841 9270 1749 6552 600 2551 7656 6653 7999 905 8198 853 7302 9318 464 6325 1937 2189 6524 1315 3595
29 6812 7175 7871 659 5117 6464 2608 499 2961 9203 5904 8191 7370 4423 7344 5577 4838 8900 7963 7821 3750 897 8706 6086 5196 8953 4674 9782 9212
29 5482 9246 5984 3149 2145 2633 4627 6099 2247 1310 9921 2120 239 4602 7088 4146 2043 7585 2402 5754 6834 4971 5180 7618 1958 5526 2380 2956 2436
29 3815 6154 9940 9956 9751 7249 3537 9546 3984 5843 6210 3563 9043 8807 9707 9424 8996 2087 6734 4513 3843 7311 6723 826 9025 3906 6320 1954 5921
28 6392 7781 8740 7191 9139 6822 1547 117 720 2919 2931 8189 9769 157 2369 5695 1272 414 842 761 5807 7469 9623 9022 2498 9586 5021 9914
29 9180 482 4757 968 404 6767 7016 8532 3780 9220 2055 1402 8538 6129 3441 4883 4750 7353 500 6193 8664 8508 1497 3081 1305 6667 5712 341 3708
29 9053 1187 3693 8586 1422 1123 2053 1898 3724 135 4497 2382 2818 1761 6502 1713 5590 5154 1366 97 2455 8014 9508 37 8146 9828 8270 2386 7492
29 1764 5049 702 9606 2343 6481 8970 3203 4758 8211 3608 5480 5828 2743 153 6432 6518 7143 2592 9009 6071 5437 695 5764 7617 3207 6776 9544 6787
29 8980 6980 3460 7384 3811 5102 5351 5157 4341 3487 6609 3515 6025 6878 5972 3344 2484 538 3031 9644 3564 6852 2545 374 2104 1629 9094 8307 6422
29 2417 5241 4067 5855 3744 3049 9565 5772 8874 8122 4519 8552 428 1721 3941 4177 1927 3068 2625 5444 3964 1979 6281 7306 8306 5950 7631 9109 63
29 6424 4671 5934 7253 9627 221 9394 6979 1477 257 9281 2656 1972 3132 4851 2278 7834 2321 8868 6023 3793 5814 1447 7342 5261 9244 8744 7315 5193
29 8725 4980 7448 3643 2756 4391 473 1735 5802 1545 3277 2355 9081 2428 9359 9830 6009 4654 9758 9614 1476 3200 312 3141 3547 5491 8619 5562 7456
29 6340 1492 3630 3201 4476 9097 1198 2021 3130 8309 8089 4689 9287 6345 9931 981 3567 3184 7832 1116 2605 5710 5589 3559 1682 4840 5774 845 2288
29 4891 2563 7096 4214 4219 357 9302 134 8377 4388 2373 6145 5024 9501 639 1488 5013 536 6527 6270 2880 622 9948 7074 6833 3607 6371 1738 3810
29 3766 8440 3471 3867 906 3122 4795 2232 7916 8238 5578 7282 3456 1744 7363 8295 6079 7292 6695 5047 1463 9313 9496 2694 4416 6203 3931 8879 2507
28 5777 4246 4088 6003 6748 6681 7842 541 3429 7661 5597 8808 2825 5063 4288 6147 6223 9262 923 3394 4211 1514 8622 5515 2866 2907 4256 6246
29 1434 7760 8543 1037 7699 6677 1760 4231 141 4263 8511 6648 4835 4074 2540 7124 5541 6965 705 7366 8785 1153 3586 9074 6818 8750 5845 2936 6172
29 7995 8406 4765 3618 3844 678 4183 8454 8793 2689 9835 6191 5352 4081 1135 2741 9040 5628 424 5194 6880 5452 6593 8527 8081 7789 3957 5473 9895
29 102 8121 1842 108 1745 4248 8257 7379 6944 6708 1688 6927 92 3974 6338 4027 4509 3594 9016 3296 9574 8079 8302 8779 6503 6881 3305 7996 4361
29 7849 8561 5041 7120 4151 8714 1282 6686 1802 8912 4898 7068 4376 7884 8378 4421 379 2975 5468 4876 6259 8635 3947 9221 2398 3710 951 4965 9307
29 586 1568 6879 6250 4710 4867 3225 6446 7660 7401 3925 4290 7237 5761 8489 1054 3499 1351 1338 2598 2676 5995 9945 2991 7604 3274 3030 5284 6148
29 9321 8669 8227 6032 3992 15 5683 4358 2064 3481 9035 5701 9833 1188 2549 6323 3891 5415 3638 7959 6662 3613 9637 5582 6921 9164 6737 8479 9577
29 6669 4066 6294 9632 1465 2218 4730 5742 7317 9289 9260 6287 6456 5451 1249 6220 9387 5464 1471 2696 6070 3221 7197 4222 1404 390 8187 3444 5885
29 7576 4796 2524 8327 7519 1430 7412 5177 8641 6795 2260 3631 7990 3251 2666 7172 8867 7365 9929 9946 1696 6342 6241 7583 3988 8060 3468 5991 3767
29 577 3209 1712 4650 4386 1604 2129 4950 22 2415 7743 2426 8231 9389 8871 7558 1088 507 307 9512 1478 137 372 3351 8782 8272 7966 3334 8311
28 8644 6319 1531 1036 2614 5868 343 1804 6615 8316 5603 997 916 2082 1137 274 3047 1632 4812 4826 4725 5888 9503 442 6932 5609 5361 7368
29 6130 8896 5528 9699 1325 6421 7408 3335 8292 4562 5297 1557 3839 1091 2546 6841 3650 4596 3162 2665 6984 8280 6489 6569 5936 4274 7470 6179 1199
29 7138 8579 5889 3921 4560 3610 5022 4116 4465 6740 1423 3603 1919 6601 1146 3896 407 2181 6759 3372 1357 5735 5381 9686 4646 5398 3008 7747 6491
29 333 7006 9361 1590 291 1264 9229 2674 5969 4520 8878 3416 8426 4925 7012 8610 3576 3596 3754 6589 5626 1019 752 4450 6660 7726 7926 126 4644
29 3877 5967 5529 850 3139 2912 1300 5587 8541 1089 6263 1395 1319 986 9217 9609 4814 5631 7447 1729 797 6636 9977 4584 426 9113 9388 8470 969
29 5233 6931 7042 3259 7482 7637 6167 2409 4079 1269 2891 140 4825 5848 8601 367 4700 3359 4572 9230 7786 8863 114 441 6916 4981 5621 7718 7649
29 7937 3632 9257 61 1250 7865 1593 380 1028 1671 1419 3817 8666 4617 920 8168 4149 5899 2022 4208 5143 6089 2284 3948 486 8776 1473 5007 694
29 4078 7229 7946 4803 8273 2339 6049 2762 7981 4370 8652 7275 3020 9158 7739 7018 1616 3376 1931 6020 7940 7113 8789 4993 3909 574 6332 2007 9600
29 9714 2297 8850 1520 5400 9549 6634 2334 9660 7664 2735 7188 3241 9261 5191 938 2432 226 7943 6043 8570 3338 1331 7857 4961 4682 1540 3913 2388
29 4974 27 9441 144 7976 7667 1412 7227 7931 4647 4223 8892 3303 3700 6692 2193 6306 613 6958 672 8405 1202 1669 2638 7463 491 4791 6732 9138
29 9054 1062 563 9378 931 738 8791 7338 6559 1427 4124 2760 322 7860 57 2283 1673 9653 7168 1273 4220 3087 8127 1997 344 6041 8574 9431 519
29 5919 6557 9584 7894 3707 9777 8634 6309 9851 2061 2230 2474 9249 8278 522 7615 6376 6494 9017 976 5563 8430 2117 2778 4411 427 3138 3422 7207
29 4967 9696 8205 2916 3620 2873 9121 8673 9619 2989 3742 1045 9628 9736 1409 8175 8226 2660 1591 5602 6458 1381 5316 1108 44 882 7861 7153 3082
29 691 6330 3765 2205 4415 6444 7149 5010 3770 3683 4262 2763 3721 8509 9996 9283 1828 595 8973 6870 4102 7169 3257 7601 2627 8416 9971 6898 9604
29 7426 5030 5149 7394 5566 1575 3783 4394 8460 2538 8573 5291 9311 6757 623 903 5239 9647 8304 9237 1343 9402 3627 8770 9148 3653 6626 6546 6479
29 9601 2765 5492 2599 9772 5714 6299 4387 2983 8723 9420 1329 8448 3622 7919 30 8529 1611 1246 2580 8021 9331 4267 6797 4615 1263 9869 2668 3232
29 9159 7566 7380 2526 9752 2677 5125 6971 1032 4163 4533 8144 9370 4161 2739 9196 999 3231 1565 3751 4245 3626 5286 3112 2938 4913 8353 5851 1648
29 1808 1130 3051 3746 8074 4393 4221 800 2601 6268 753 4914 2390 6253 8630 1114 1169 4191 8495 591 4554 7913 5319 8576 181 7804 4832 3555 7527
29 4768 8339 8969 7449 3150 1715 9540 6817 9451 9317 7407 7939 9300 3759 6741 5519 8975 7273 7027 4987 827 708 5380 3946 8981 4698 7123 8715 5255
29 9858 5939 2649 9219 1562 740 771 4083 219 8944 9976 5309 3834 3449 5072 9050 4470 6938 1252 3738 1251 8456 5016 7125 6159 9904 7322 4712 3227
29 4473 7708 9492 7724 3764 5144 236 2136 2562 9883 995 1460 9216 6951 5135 9290 6111 7591 3737 3732 2750 6536 2162 3713 8845 1015 9829 1212 2451
29 8786 7539 128 2769 5333 4175 5368 7751 9491 5502 3262 8222 6581 6486 2617 3525 1173 8414 6476 6682 6468 2764 4449 948 2203 7968 5374 1551 2980
29 9328 5008 1186 8130 3442 8697 6262 8679 2289 7765 4032 4873 5974 6749 4120 6629 3869 7210 5799 4649 6934 3223 1372 113 1449 4346 1727 2267 9346
29 2150 750 3681 8003 9899 9963 2301 2242 5911 400 9842 4591 4295 3199 8762 3400 1161 4305 5778 748 5607 8157 316 6887 262 12 1891 7978 5453
29 7245 436 9747 5675 2430 4001 6519 7896 6186 5028 9173 4344 9365 3003 7233 8926 8999 6963 2026 3916 1065 8923 5785 735 2559 2942 9767 4963 1154
29 2446 957 5324 2858 2578 8575 2710 1322 1657 1679 5781 9780 2923 1701 2560 6611 9427 6288 1480 5676 7269 9146 4012 1995 4381 4619 9383 2879 6906
29 8858 2847 8678 7638 676 4355 8320 9943 9084 5403 5412 1172 9280 6060 1771 8578 8498 6962 4924 4441 9137 3358 1443 1716 3196 5256 1672 4771 7414
29 8099 994 5213 1675 5258 2101 7891 6538 848 1290 9593 1163 3095 9672 5732 8190 9659 5672 8839 5923 5866 1107 6926 808 4360 7107 5859 6264 7417
29 7427 7487 4996 1926 5182 1612 5925 2499 4003 9153 9760 1069 2852 9279 3461 2581 1918 4738 3852 6035 7627 6290 8838 4593 2478 31 7008 2810 592
29 671 2202 2836 4896 5181 5 7359 4205 5278 313 4945 3955 55 6337 5346 3512 5081 444 3569 2515 6067 3526 4296 7972 2248 4026 9615 6598 6575
29 1109 352 915 4279 9150 9489 5188 3513 5301 6711 5064 9855 5691 6026 1451 7681 645 5692 631 5338 5743 9176 9201 859 6704 5926 5736 9873 647
29 8078 4447 5475 9755 2239 2992 7028 8646 2233 6276 8917 4383 237 5427 7586 1783 4492 5957 4133 5630 6372 5576 3578 2115 5882 2911 3366 3188 6627
29 6891 9992 3302 9592 627 1787 8968 2679 4413 5384 2522 1908 8855 2404 7099 5978 7630 17 1563 6558 668 1274 1506 1874 5795 4384 6883 224 2423
29 9872 2864 6778 1417 2147 6304 690 9939 6553 6084 21 9654 116 7712 7276 3897 6617 744 7373 8662 4029 7687 732 2962 638 9687 7921 5410 6207
29 4182 23 4568 3385 4 3380 5052 2745 8517 1532 1226 9993 7007 7509 4551 8908 9893 241 9641 9171 3509 3823 9433 4255 3943 172 4257 7422 7796
29 3363 5944 4238 3322 879 9165 184 6874 9231 8877 9090 39 9303 143 3747 9570 193 7217 3473 9401 7211 7862 9193 2491 1947 5032 4548 5915 7364
29 7313 6785 8481 8841 1080 6876 6727 3651 9457 4785 2011 5818 1303 6063 2800 3389 2226 3571 7476 4786 3342 9086 8852 9886 3936 8596 8774 4418 4087
29 526 4501 9037 3044 5263 3283 1055 5446 3904 8728 5350 8907 403 6137 4417 3684 6924 6400 8367 549 7814 1362 8853 9881 4798 2706 8743 6663 1289
29 7653 5801 3878 5156 1863 5423 6452 3326 9954 3989 70 8159 8665 7612 5006 815 4970 7881 4860 438 6019 3591 7073 2177 892 5215 6496 8631 1445
29 835 8698 6497 9646 6983 8693 2138 365 1306 5343 6412 4047 9116 6701 5220 1457 2462 2231 4162 7041 1945 8719 8104 5728 517 2385 5698 7655 3399
29 9475 7418 3856 3640 1505 443 3667 9183 9267 5490 972 8813 2019 7696 1392 8288 2485 5098 6827 776 2773 2199 2483 1786 731 3308 950 4063 5107
29 78 8545 2241 4937 5910 5360 630 1932 8687 6344 1516 4440 9372 8826 178 3401 2951 9077 3728 4301 8600 3726 4613 6053 2862 3583 1607 2561 7234
29 2223 1599 5756 2777 6284 9590 9989 901 2832 3908 5096 7830 855 2056 1706 7378 5741 8420 8947 7504 346 7600 8985 197 7616 3601 3161 4767 7010
29 6229 596 6151 1772 1380 6485 3300 106 7142 7671 5222 1548 8939 198 1726 4819 7129 3276 5605 9000 1200 366 4409 4721 79 8195 7004 2587 2107
29 1938 476 2005 5751 432 1659 9494 9753 4194 1020 8628 2122 6085 8639 628 6904 2714 255 7848 5078 7226 5089 351 3510 8018 8792 9968 2157 7264
29 3425 4349 5653 6509 5829 7957 899 6752 530 3176 8224 9089 527 7388 337 4109 4525 1033 8113 1394 959 6733 942 4746 196 9080 1323 8265 6091
